ERROR - 2026-06-26 09:18:44 --> mysqli_sql_exception: Table 'groupid_88hris.pegawai' doesn't exist in /home/groupid/foundation.88group.id/system/Database/MySQLi/Connection.php:306
Stack trace:
#0 /home/groupid/foundation.88group.id/system/Database/MySQLi/Connection.php(306): mysqli->query()
#1 /home/groupid/foundation.88group.id/system/Database/BaseConnection.php(693): CodeIgniter\Database\MySQLi\Connection->execute()
#2 /home/groupid/foundation.88group.id/system/Database/BaseConnection.php(607): CodeIgniter\Database\BaseConnection->simpleQuery()
#3 /home/groupid/foundation.88group.id/system/Database/BaseBuilder.php(1616): CodeIgniter\Database\BaseConnection->query()
#4 /home/groupid/foundation.88group.id/system/Model.php(872): CodeIgniter\Database\BaseBuilder->get()
#5 /home/groupid/foundation.88group.id/app/Models/ModelPenduduk.php(656): CodeIgniter\Model->__call()
#6 /home/groupid/foundation.88group.id/app/Controllers/JadwalSumbangan.php(514): App\Models\ModelPenduduk->getPendudukByPelaksanaanfiltered()
#7 /home/groupid/foundation.88group.id/system/CodeIgniter.php(941): App\Controllers\JadwalSumbangan->jadwalDetailExcel()
#8 /home/groupid/foundation.88group.id/system/CodeIgniter.php(502): CodeIgniter\CodeIgniter->runController()
#9 /home/groupid/foundation.88group.id/system/CodeIgniter.php(361): CodeIgniter\CodeIgniter->handleRequest()
#10 /home/groupid/foundation.88group.id/index.php(79): CodeIgniter\CodeIgniter->run()
#11 {main}
CRITICAL - 2026-06-26 09:18:44 --> CodeIgniter\Database\Exceptions\DatabaseException: Table 'groupid_88hris.pegawai' doesn't exist
in SYSTEMPATH/Database/BaseConnection.php on line 647.
 1 SYSTEMPATH/Database/BaseBuilder.php(1616): CodeIgniter\Database\BaseConnection->query()
 2 SYSTEMPATH/Model.php(872): CodeIgniter\Database\BaseBuilder->get()
 3 APPPATH/Models/ModelPenduduk.php(656): CodeIgniter\Model->__call()
 4 APPPATH/Controllers/JadwalSumbangan.php(514): App\Models\ModelPenduduk->getPendudukByPelaksanaanfiltered()
 5 SYSTEMPATH/CodeIgniter.php(941): App\Controllers\JadwalSumbangan->jadwalDetailExcel()
 6 SYSTEMPATH/CodeIgniter.php(502): CodeIgniter\CodeIgniter->runController()
 7 SYSTEMPATH/CodeIgniter.php(361): CodeIgniter\CodeIgniter->handleRequest()
 8 FCPATH/index.php(79): CodeIgniter\CodeIgniter->run()
CRITICAL - 2026-06-26 09:18:44 --> [Caused by] CodeIgniter\Database\Exceptions\DatabaseException: Table 'groupid_88hris.pegawai' doesn't exist
in SYSTEMPATH/Database/MySQLi/Connection.php on line 311.
 1 SYSTEMPATH/Database/BaseConnection.php(693): CodeIgniter\Database\MySQLi\Connection->execute()
 2 SYSTEMPATH/Database/BaseConnection.php(607): CodeIgniter\Database\BaseConnection->simpleQuery()
 3 SYSTEMPATH/Database/BaseBuilder.php(1616): CodeIgniter\Database\BaseConnection->query()
 4 SYSTEMPATH/Model.php(872): CodeIgniter\Database\BaseBuilder->get()
 5 APPPATH/Models/ModelPenduduk.php(656): CodeIgniter\Model->__call()
 6 APPPATH/Controllers/JadwalSumbangan.php(514): App\Models\ModelPenduduk->getPendudukByPelaksanaanfiltered()
 7 SYSTEMPATH/CodeIgniter.php(941): App\Controllers\JadwalSumbangan->jadwalDetailExcel()
 8 SYSTEMPATH/CodeIgniter.php(502): CodeIgniter\CodeIgniter->runController()
 9 SYSTEMPATH/CodeIgniter.php(361): CodeIgniter\CodeIgniter->handleRequest()
10 FCPATH/index.php(79): CodeIgniter\CodeIgniter->run()
CRITICAL - 2026-06-26 09:18:44 --> [Caused by] mysqli_sql_exception: Table 'groupid_88hris.pegawai' doesn't exist
in SYSTEMPATH/Database/MySQLi/Connection.php on line 306.
 1 SYSTEMPATH/Database/MySQLi/Connection.php(306): mysqli->query()
 2 SYSTEMPATH/Database/BaseConnection.php(693): CodeIgniter\Database\MySQLi\Connection->execute()
 3 SYSTEMPATH/Database/BaseConnection.php(607): CodeIgniter\Database\BaseConnection->simpleQuery()
 4 SYSTEMPATH/Database/BaseBuilder.php(1616): CodeIgniter\Database\BaseConnection->query()
 5 SYSTEMPATH/Model.php(872): CodeIgniter\Database\BaseBuilder->get()
 6 APPPATH/Models/ModelPenduduk.php(656): CodeIgniter\Model->__call()
 7 APPPATH/Controllers/JadwalSumbangan.php(514): App\Models\ModelPenduduk->getPendudukByPelaksanaanfiltered()
 8 SYSTEMPATH/CodeIgniter.php(941): App\Controllers\JadwalSumbangan->jadwalDetailExcel()
 9 SYSTEMPATH/CodeIgniter.php(502): CodeIgniter\CodeIgniter->runController()
10 SYSTEMPATH/CodeIgniter.php(361): CodeIgniter\CodeIgniter->handleRequest()
11 FCPATH/index.php(79): CodeIgniter\CodeIgniter->run()
ERROR - 2026-06-26 09:18:49 --> mysqli_sql_exception: Table 'groupid_88hris.pegawai' doesn't exist in /home/groupid/foundation.88group.id/system/Database/MySQLi/Connection.php:306
Stack trace:
#0 /home/groupid/foundation.88group.id/system/Database/MySQLi/Connection.php(306): mysqli->query()
#1 /home/groupid/foundation.88group.id/system/Database/BaseConnection.php(693): CodeIgniter\Database\MySQLi\Connection->execute()
#2 /home/groupid/foundation.88group.id/system/Database/BaseConnection.php(607): CodeIgniter\Database\BaseConnection->simpleQuery()
#3 /home/groupid/foundation.88group.id/system/Database/BaseBuilder.php(1616): CodeIgniter\Database\BaseConnection->query()
#4 /home/groupid/foundation.88group.id/system/Model.php(872): CodeIgniter\Database\BaseBuilder->get()
#5 /home/groupid/foundation.88group.id/app/Models/ModelPenduduk.php(656): CodeIgniter\Model->__call()
#6 /home/groupid/foundation.88group.id/app/Controllers/JadwalSumbangan.php(514): App\Models\ModelPenduduk->getPendudukByPelaksanaanfiltered()
#7 /home/groupid/foundation.88group.id/system/CodeIgniter.php(941): App\Controllers\JadwalSumbangan->jadwalDetailExcel()
#8 /home/groupid/foundation.88group.id/system/CodeIgniter.php(502): CodeIgniter\CodeIgniter->runController()
#9 /home/groupid/foundation.88group.id/system/CodeIgniter.php(361): CodeIgniter\CodeIgniter->handleRequest()
#10 /home/groupid/foundation.88group.id/index.php(79): CodeIgniter\CodeIgniter->run()
#11 {main}
CRITICAL - 2026-06-26 09:18:49 --> CodeIgniter\Database\Exceptions\DatabaseException: Table 'groupid_88hris.pegawai' doesn't exist
in SYSTEMPATH/Database/BaseConnection.php on line 647.
 1 SYSTEMPATH/Database/BaseBuilder.php(1616): CodeIgniter\Database\BaseConnection->query()
 2 SYSTEMPATH/Model.php(872): CodeIgniter\Database\BaseBuilder->get()
 3 APPPATH/Models/ModelPenduduk.php(656): CodeIgniter\Model->__call()
 4 APPPATH/Controllers/JadwalSumbangan.php(514): App\Models\ModelPenduduk->getPendudukByPelaksanaanfiltered()
 5 SYSTEMPATH/CodeIgniter.php(941): App\Controllers\JadwalSumbangan->jadwalDetailExcel()
 6 SYSTEMPATH/CodeIgniter.php(502): CodeIgniter\CodeIgniter->runController()
 7 SYSTEMPATH/CodeIgniter.php(361): CodeIgniter\CodeIgniter->handleRequest()
 8 FCPATH/index.php(79): CodeIgniter\CodeIgniter->run()
CRITICAL - 2026-06-26 09:18:49 --> [Caused by] CodeIgniter\Database\Exceptions\DatabaseException: Table 'groupid_88hris.pegawai' doesn't exist
in SYSTEMPATH/Database/MySQLi/Connection.php on line 311.
 1 SYSTEMPATH/Database/BaseConnection.php(693): CodeIgniter\Database\MySQLi\Connection->execute()
 2 SYSTEMPATH/Database/BaseConnection.php(607): CodeIgniter\Database\BaseConnection->simpleQuery()
 3 SYSTEMPATH/Database/BaseBuilder.php(1616): CodeIgniter\Database\BaseConnection->query()
 4 SYSTEMPATH/Model.php(872): CodeIgniter\Database\BaseBuilder->get()
 5 APPPATH/Models/ModelPenduduk.php(656): CodeIgniter\Model->__call()
 6 APPPATH/Controllers/JadwalSumbangan.php(514): App\Models\ModelPenduduk->getPendudukByPelaksanaanfiltered()
 7 SYSTEMPATH/CodeIgniter.php(941): App\Controllers\JadwalSumbangan->jadwalDetailExcel()
 8 SYSTEMPATH/CodeIgniter.php(502): CodeIgniter\CodeIgniter->runController()
 9 SYSTEMPATH/CodeIgniter.php(361): CodeIgniter\CodeIgniter->handleRequest()
10 FCPATH/index.php(79): CodeIgniter\CodeIgniter->run()
CRITICAL - 2026-06-26 09:18:49 --> [Caused by] mysqli_sql_exception: Table 'groupid_88hris.pegawai' doesn't exist
in SYSTEMPATH/Database/MySQLi/Connection.php on line 306.
 1 SYSTEMPATH/Database/MySQLi/Connection.php(306): mysqli->query()
 2 SYSTEMPATH/Database/BaseConnection.php(693): CodeIgniter\Database\MySQLi\Connection->execute()
 3 SYSTEMPATH/Database/BaseConnection.php(607): CodeIgniter\Database\BaseConnection->simpleQuery()
 4 SYSTEMPATH/Database/BaseBuilder.php(1616): CodeIgniter\Database\BaseConnection->query()
 5 SYSTEMPATH/Model.php(872): CodeIgniter\Database\BaseBuilder->get()
 6 APPPATH/Models/ModelPenduduk.php(656): CodeIgniter\Model->__call()
 7 APPPATH/Controllers/JadwalSumbangan.php(514): App\Models\ModelPenduduk->getPendudukByPelaksanaanfiltered()
 8 SYSTEMPATH/CodeIgniter.php(941): App\Controllers\JadwalSumbangan->jadwalDetailExcel()
 9 SYSTEMPATH/CodeIgniter.php(502): CodeIgniter\CodeIgniter->runController()
10 SYSTEMPATH/CodeIgniter.php(361): CodeIgniter\CodeIgniter->handleRequest()
11 FCPATH/index.php(79): CodeIgniter\CodeIgniter->run()
ERROR - 2026-06-26 09:18:58 --> mysqli_sql_exception: Table 'groupid_88hris.pegawai' doesn't exist in /home/groupid/foundation.88group.id/system/Database/MySQLi/Connection.php:306
Stack trace:
#0 /home/groupid/foundation.88group.id/system/Database/MySQLi/Connection.php(306): mysqli->query()
#1 /home/groupid/foundation.88group.id/system/Database/BaseConnection.php(693): CodeIgniter\Database\MySQLi\Connection->execute()
#2 /home/groupid/foundation.88group.id/system/Database/BaseConnection.php(607): CodeIgniter\Database\BaseConnection->simpleQuery()
#3 /home/groupid/foundation.88group.id/system/Database/BaseBuilder.php(1616): CodeIgniter\Database\BaseConnection->query()
#4 /home/groupid/foundation.88group.id/system/Model.php(872): CodeIgniter\Database\BaseBuilder->get()
#5 /home/groupid/foundation.88group.id/app/Models/ModelPenduduk.php(656): CodeIgniter\Model->__call()
#6 /home/groupid/foundation.88group.id/app/Controllers/JadwalSumbangan.php(997): App\Models\ModelPenduduk->getPendudukByPelaksanaanfiltered()
#7 /home/groupid/foundation.88group.id/system/CodeIgniter.php(941): App\Controllers\JadwalSumbangan->tercetaktoExcel()
#8 /home/groupid/foundation.88group.id/system/CodeIgniter.php(502): CodeIgniter\CodeIgniter->runController()
#9 /home/groupid/foundation.88group.id/system/CodeIgniter.php(361): CodeIgniter\CodeIgniter->handleRequest()
#10 /home/groupid/foundation.88group.id/index.php(79): CodeIgniter\CodeIgniter->run()
#11 {main}
CRITICAL - 2026-06-26 09:18:58 --> CodeIgniter\Database\Exceptions\DatabaseException: Table 'groupid_88hris.pegawai' doesn't exist
in SYSTEMPATH/Database/BaseConnection.php on line 647.
 1 SYSTEMPATH/Database/BaseBuilder.php(1616): CodeIgniter\Database\BaseConnection->query()
 2 SYSTEMPATH/Model.php(872): CodeIgniter\Database\BaseBuilder->get()
 3 APPPATH/Models/ModelPenduduk.php(656): CodeIgniter\Model->__call()
 4 APPPATH/Controllers/JadwalSumbangan.php(997): App\Models\ModelPenduduk->getPendudukByPelaksanaanfiltered()
 5 SYSTEMPATH/CodeIgniter.php(941): App\Controllers\JadwalSumbangan->tercetaktoExcel()
 6 SYSTEMPATH/CodeIgniter.php(502): CodeIgniter\CodeIgniter->runController()
 7 SYSTEMPATH/CodeIgniter.php(361): CodeIgniter\CodeIgniter->handleRequest()
 8 FCPATH/index.php(79): CodeIgniter\CodeIgniter->run()
CRITICAL - 2026-06-26 09:18:58 --> [Caused by] CodeIgniter\Database\Exceptions\DatabaseException: Table 'groupid_88hris.pegawai' doesn't exist
in SYSTEMPATH/Database/MySQLi/Connection.php on line 311.
 1 SYSTEMPATH/Database/BaseConnection.php(693): CodeIgniter\Database\MySQLi\Connection->execute()
 2 SYSTEMPATH/Database/BaseConnection.php(607): CodeIgniter\Database\BaseConnection->simpleQuery()
 3 SYSTEMPATH/Database/BaseBuilder.php(1616): CodeIgniter\Database\BaseConnection->query()
 4 SYSTEMPATH/Model.php(872): CodeIgniter\Database\BaseBuilder->get()
 5 APPPATH/Models/ModelPenduduk.php(656): CodeIgniter\Model->__call()
 6 APPPATH/Controllers/JadwalSumbangan.php(997): App\Models\ModelPenduduk->getPendudukByPelaksanaanfiltered()
 7 SYSTEMPATH/CodeIgniter.php(941): App\Controllers\JadwalSumbangan->tercetaktoExcel()
 8 SYSTEMPATH/CodeIgniter.php(502): CodeIgniter\CodeIgniter->runController()
 9 SYSTEMPATH/CodeIgniter.php(361): CodeIgniter\CodeIgniter->handleRequest()
10 FCPATH/index.php(79): CodeIgniter\CodeIgniter->run()
CRITICAL - 2026-06-26 09:18:58 --> [Caused by] mysqli_sql_exception: Table 'groupid_88hris.pegawai' doesn't exist
in SYSTEMPATH/Database/MySQLi/Connection.php on line 306.
 1 SYSTEMPATH/Database/MySQLi/Connection.php(306): mysqli->query()
 2 SYSTEMPATH/Database/BaseConnection.php(693): CodeIgniter\Database\MySQLi\Connection->execute()
 3 SYSTEMPATH/Database/BaseConnection.php(607): CodeIgniter\Database\BaseConnection->simpleQuery()
 4 SYSTEMPATH/Database/BaseBuilder.php(1616): CodeIgniter\Database\BaseConnection->query()
 5 SYSTEMPATH/Model.php(872): CodeIgniter\Database\BaseBuilder->get()
 6 APPPATH/Models/ModelPenduduk.php(656): CodeIgniter\Model->__call()
 7 APPPATH/Controllers/JadwalSumbangan.php(997): App\Models\ModelPenduduk->getPendudukByPelaksanaanfiltered()
 8 SYSTEMPATH/CodeIgniter.php(941): App\Controllers\JadwalSumbangan->tercetaktoExcel()
 9 SYSTEMPATH/CodeIgniter.php(502): CodeIgniter\CodeIgniter->runController()
10 SYSTEMPATH/CodeIgniter.php(361): CodeIgniter\CodeIgniter->handleRequest()
11 FCPATH/index.php(79): CodeIgniter\CodeIgniter->run()
