INFO - 2026-01-18 05:19:34 --> Session: Class initialized using 'CodeIgniter\Session\Handlers\FileHandler' driver.
INFO - 2026-01-18 05:19:34 --> Session: Class initialized using 'CodeIgniter\Session\Handlers\FileHandler' driver.
INFO - 2026-01-18 05:20:00 --> Session: Class initialized using 'CodeIgniter\Session\Handlers\FileHandler' driver.
INFO - 2026-01-18 05:20:03 --> Session: Class initialized using 'CodeIgniter\Session\Handlers\FileHandler' driver.
INFO - 2026-01-18 06:28:12 --> Session: Class initialized using 'CodeIgniter\Session\Handlers\FileHandler' driver.
INFO - 2026-01-18 06:37:17 --> Session: Class initialized using 'CodeIgniter\Session\Handlers\FileHandler' driver.
INFO - 2026-01-18 06:40:37 --> Session: Class initialized using 'CodeIgniter\Session\Handlers\FileHandler' driver.
INFO - 2026-01-18 06:40:47 --> Session: Class initialized using 'CodeIgniter\Session\Handlers\FileHandler' driver.
INFO - 2026-01-18 06:43:16 --> Session: Class initialized using 'CodeIgniter\Session\Handlers\FileHandler' driver.
INFO - 2026-01-18 06:45:43 --> Session: Class initialized using 'CodeIgniter\Session\Handlers\FileHandler' driver.
INFO - 2026-01-18 06:45:57 --> Session: Class initialized using 'CodeIgniter\Session\Handlers\FileHandler' driver.
INFO - 2026-01-18 06:46:19 --> Session: Class initialized using 'CodeIgniter\Session\Handlers\FileHandler' driver.
INFO - 2026-01-18 06:46:42 --> Session: Class initialized using 'CodeIgniter\Session\Handlers\FileHandler' driver.
INFO - 2026-01-18 06:47:10 --> Session: Class initialized using 'CodeIgniter\Session\Handlers\FileHandler' driver.
INFO - 2026-01-18 06:47:38 --> Session: Class initialized using 'CodeIgniter\Session\Handlers\FileHandler' driver.
INFO - 2026-01-18 06:47:47 --> Session: Class initialized using 'CodeIgniter\Session\Handlers\FileHandler' driver.
INFO - 2026-01-18 06:48:18 --> Session: Class initialized using 'CodeIgniter\Session\Handlers\FileHandler' driver.
INFO - 2026-01-18 06:48:32 --> Session: Class initialized using 'CodeIgniter\Session\Handlers\FileHandler' driver.
INFO - 2026-01-18 06:49:23 --> Session: Class initialized using 'CodeIgniter\Session\Handlers\FileHandler' driver.
INFO - 2026-01-18 06:49:41 --> Session: Class initialized using 'CodeIgniter\Session\Handlers\FileHandler' driver.
INFO - 2026-01-18 06:50:04 --> Session: Class initialized using 'CodeIgniter\Session\Handlers\FileHandler' driver.
INFO - 2026-01-18 06:50:09 --> Session: Class initialized using 'CodeIgniter\Session\Handlers\FileHandler' driver.
WARNING - 2026-01-18 06:50:12 --> [DEPRECATED] substr(): Passing null to parameter #1 ($string) of type string is deprecated in APPPATH\Views\Sumbangan\detail_jadwal.php on line 208.
 1 APPPATH\Views\Sumbangan\detail_jadwal.php(208): substr(null, 0, 5)
 2 SYSTEMPATH\View\View.php(228): include('C:\\xampp\\htdocs\\88sumbangan\\app\\Views\\Sumbangan\\detail_jadwal.php')
 3 SYSTEMPATH\View\View.php(231): CodeIgniter\View\View->CodeIgniter\View\{closure}()
 4 SYSTEMPATH\Common.php(1178): CodeIgniter\View\View->render('Sumbangan/detail_jadwal', [], true)
 5 APPPATH\Views\template.php(48): view('Sumbangan/detail_jadwal')
 6 SYSTEMPATH\View\View.php(228): include('C:\\xampp\\htdocs\\88sumbangan\\app\\Views\\template.php')
 7 SYSTEMPATH\View\View.php(231): CodeIgniter\View\View->CodeIgniter\View\{closure}()
 8 SYSTEMPATH\Common.php(1178): CodeIgniter\View\View->render('template', [], true)
 9 APPPATH\Controllers\JadwalSumbangan.php(78): view('template', [...])
10 SYSTEMPATH\CodeIgniter.php(941): App\Controllers\JadwalSumbangan->detail_jadwal('1')
11 SYSTEMPATH\CodeIgniter.php(502): CodeIgniter\CodeIgniter->runController(Object(App\Controllers\JadwalSumbangan))
12 SYSTEMPATH\CodeIgniter.php(361): CodeIgniter\CodeIgniter->handleRequest(null, Object(Config\Cache), false)
13 FCPATH\index.php(79): CodeIgniter\CodeIgniter->run()
WARNING - 2026-01-18 06:50:12 --> [DEPRECATED] substr(): Passing null to parameter #1 ($string) of type string is deprecated in APPPATH\Views\Sumbangan\detail_jadwal.php on line 218.
 1 APPPATH\Views\Sumbangan\detail_jadwal.php(218): substr(null, 0, 5)
 2 SYSTEMPATH\View\View.php(228): include('C:\\xampp\\htdocs\\88sumbangan\\app\\Views\\Sumbangan\\detail_jadwal.php')
 3 SYSTEMPATH\View\View.php(231): CodeIgniter\View\View->CodeIgniter\View\{closure}()
 4 SYSTEMPATH\Common.php(1178): CodeIgniter\View\View->render('Sumbangan/detail_jadwal', [], true)
 5 APPPATH\Views\template.php(48): view('Sumbangan/detail_jadwal')
 6 SYSTEMPATH\View\View.php(228): include('C:\\xampp\\htdocs\\88sumbangan\\app\\Views\\template.php')
 7 SYSTEMPATH\View\View.php(231): CodeIgniter\View\View->CodeIgniter\View\{closure}()
 8 SYSTEMPATH\Common.php(1178): CodeIgniter\View\View->render('template', [], true)
 9 APPPATH\Controllers\JadwalSumbangan.php(78): view('template', [...])
10 SYSTEMPATH\CodeIgniter.php(941): App\Controllers\JadwalSumbangan->detail_jadwal('1')
11 SYSTEMPATH\CodeIgniter.php(502): CodeIgniter\CodeIgniter->runController(Object(App\Controllers\JadwalSumbangan))
12 SYSTEMPATH\CodeIgniter.php(361): CodeIgniter\CodeIgniter->handleRequest(null, Object(Config\Cache), false)
13 FCPATH\index.php(79): CodeIgniter\CodeIgniter->run()
WARNING - 2026-01-18 06:50:12 --> [DEPRECATED] substr(): Passing null to parameter #1 ($string) of type string is deprecated in APPPATH\Views\Sumbangan\detail_jadwal.php on line 208.
 1 APPPATH\Views\Sumbangan\detail_jadwal.php(208): substr(null, 0, 5)
 2 SYSTEMPATH\View\View.php(228): include('C:\\xampp\\htdocs\\88sumbangan\\app\\Views\\Sumbangan\\detail_jadwal.php')
 3 SYSTEMPATH\View\View.php(231): CodeIgniter\View\View->CodeIgniter\View\{closure}()
 4 SYSTEMPATH\Common.php(1178): CodeIgniter\View\View->render('Sumbangan/detail_jadwal', [], true)
 5 APPPATH\Views\template.php(48): view('Sumbangan/detail_jadwal')
 6 SYSTEMPATH\View\View.php(228): include('C:\\xampp\\htdocs\\88sumbangan\\app\\Views\\template.php')
 7 SYSTEMPATH\View\View.php(231): CodeIgniter\View\View->CodeIgniter\View\{closure}()
 8 SYSTEMPATH\Common.php(1178): CodeIgniter\View\View->render('template', [], true)
 9 APPPATH\Controllers\JadwalSumbangan.php(78): view('template', [...])
10 SYSTEMPATH\CodeIgniter.php(941): App\Controllers\JadwalSumbangan->detail_jadwal('1')
11 SYSTEMPATH\CodeIgniter.php(502): CodeIgniter\CodeIgniter->runController(Object(App\Controllers\JadwalSumbangan))
12 SYSTEMPATH\CodeIgniter.php(361): CodeIgniter\CodeIgniter->handleRequest(null, Object(Config\Cache), false)
13 FCPATH\index.php(79): CodeIgniter\CodeIgniter->run()
WARNING - 2026-01-18 06:50:12 --> [DEPRECATED] substr(): Passing null to parameter #1 ($string) of type string is deprecated in APPPATH\Views\Sumbangan\detail_jadwal.php on line 218.
 1 APPPATH\Views\Sumbangan\detail_jadwal.php(218): substr(null, 0, 5)
 2 SYSTEMPATH\View\View.php(228): include('C:\\xampp\\htdocs\\88sumbangan\\app\\Views\\Sumbangan\\detail_jadwal.php')
 3 SYSTEMPATH\View\View.php(231): CodeIgniter\View\View->CodeIgniter\View\{closure}()
 4 SYSTEMPATH\Common.php(1178): CodeIgniter\View\View->render('Sumbangan/detail_jadwal', [], true)
 5 APPPATH\Views\template.php(48): view('Sumbangan/detail_jadwal')
 6 SYSTEMPATH\View\View.php(228): include('C:\\xampp\\htdocs\\88sumbangan\\app\\Views\\template.php')
 7 SYSTEMPATH\View\View.php(231): CodeIgniter\View\View->CodeIgniter\View\{closure}()
 8 SYSTEMPATH\Common.php(1178): CodeIgniter\View\View->render('template', [], true)
 9 APPPATH\Controllers\JadwalSumbangan.php(78): view('template', [...])
10 SYSTEMPATH\CodeIgniter.php(941): App\Controllers\JadwalSumbangan->detail_jadwal('1')
11 SYSTEMPATH\CodeIgniter.php(502): CodeIgniter\CodeIgniter->runController(Object(App\Controllers\JadwalSumbangan))
12 SYSTEMPATH\CodeIgniter.php(361): CodeIgniter\CodeIgniter->handleRequest(null, Object(Config\Cache), false)
13 FCPATH\index.php(79): CodeIgniter\CodeIgniter->run()
WARNING - 2026-01-18 06:50:12 --> [DEPRECATED] substr(): Passing null to parameter #1 ($string) of type string is deprecated in APPPATH\Views\Sumbangan\detail_jadwal.php on line 208.
 1 APPPATH\Views\Sumbangan\detail_jadwal.php(208): substr(null, 0, 5)
 2 SYSTEMPATH\View\View.php(228): include('C:\\xampp\\htdocs\\88sumbangan\\app\\Views\\Sumbangan\\detail_jadwal.php')
 3 SYSTEMPATH\View\View.php(231): CodeIgniter\View\View->CodeIgniter\View\{closure}()
 4 SYSTEMPATH\Common.php(1178): CodeIgniter\View\View->render('Sumbangan/detail_jadwal', [], true)
 5 APPPATH\Views\template.php(48): view('Sumbangan/detail_jadwal')
 6 SYSTEMPATH\View\View.php(228): include('C:\\xampp\\htdocs\\88sumbangan\\app\\Views\\template.php')
 7 SYSTEMPATH\View\View.php(231): CodeIgniter\View\View->CodeIgniter\View\{closure}()
 8 SYSTEMPATH\Common.php(1178): CodeIgniter\View\View->render('template', [], true)
 9 APPPATH\Controllers\JadwalSumbangan.php(78): view('template', [...])
10 SYSTEMPATH\CodeIgniter.php(941): App\Controllers\JadwalSumbangan->detail_jadwal('1')
11 SYSTEMPATH\CodeIgniter.php(502): CodeIgniter\CodeIgniter->runController(Object(App\Controllers\JadwalSumbangan))
12 SYSTEMPATH\CodeIgniter.php(361): CodeIgniter\CodeIgniter->handleRequest(null, Object(Config\Cache), false)
13 FCPATH\index.php(79): CodeIgniter\CodeIgniter->run()
WARNING - 2026-01-18 06:50:12 --> [DEPRECATED] substr(): Passing null to parameter #1 ($string) of type string is deprecated in APPPATH\Views\Sumbangan\detail_jadwal.php on line 218.
 1 APPPATH\Views\Sumbangan\detail_jadwal.php(218): substr(null, 0, 5)
 2 SYSTEMPATH\View\View.php(228): include('C:\\xampp\\htdocs\\88sumbangan\\app\\Views\\Sumbangan\\detail_jadwal.php')
 3 SYSTEMPATH\View\View.php(231): CodeIgniter\View\View->CodeIgniter\View\{closure}()
 4 SYSTEMPATH\Common.php(1178): CodeIgniter\View\View->render('Sumbangan/detail_jadwal', [], true)
 5 APPPATH\Views\template.php(48): view('Sumbangan/detail_jadwal')
 6 SYSTEMPATH\View\View.php(228): include('C:\\xampp\\htdocs\\88sumbangan\\app\\Views\\template.php')
 7 SYSTEMPATH\View\View.php(231): CodeIgniter\View\View->CodeIgniter\View\{closure}()
 8 SYSTEMPATH\Common.php(1178): CodeIgniter\View\View->render('template', [], true)
 9 APPPATH\Controllers\JadwalSumbangan.php(78): view('template', [...])
10 SYSTEMPATH\CodeIgniter.php(941): App\Controllers\JadwalSumbangan->detail_jadwal('1')
11 SYSTEMPATH\CodeIgniter.php(502): CodeIgniter\CodeIgniter->runController(Object(App\Controllers\JadwalSumbangan))
12 SYSTEMPATH\CodeIgniter.php(361): CodeIgniter\CodeIgniter->handleRequest(null, Object(Config\Cache), false)
13 FCPATH\index.php(79): CodeIgniter\CodeIgniter->run()
WARNING - 2026-01-18 06:50:12 --> [DEPRECATED] substr(): Passing null to parameter #1 ($string) of type string is deprecated in APPPATH\Views\Sumbangan\detail_jadwal.php on line 208.
 1 APPPATH\Views\Sumbangan\detail_jadwal.php(208): substr(null, 0, 5)
 2 SYSTEMPATH\View\View.php(228): include('C:\\xampp\\htdocs\\88sumbangan\\app\\Views\\Sumbangan\\detail_jadwal.php')
 3 SYSTEMPATH\View\View.php(231): CodeIgniter\View\View->CodeIgniter\View\{closure}()
 4 SYSTEMPATH\Common.php(1178): CodeIgniter\View\View->render('Sumbangan/detail_jadwal', [], true)
 5 APPPATH\Views\template.php(48): view('Sumbangan/detail_jadwal')
 6 SYSTEMPATH\View\View.php(228): include('C:\\xampp\\htdocs\\88sumbangan\\app\\Views\\template.php')
 7 SYSTEMPATH\View\View.php(231): CodeIgniter\View\View->CodeIgniter\View\{closure}()
 8 SYSTEMPATH\Common.php(1178): CodeIgniter\View\View->render('template', [], true)
 9 APPPATH\Controllers\JadwalSumbangan.php(78): view('template', [...])
10 SYSTEMPATH\CodeIgniter.php(941): App\Controllers\JadwalSumbangan->detail_jadwal('1')
11 SYSTEMPATH\CodeIgniter.php(502): CodeIgniter\CodeIgniter->runController(Object(App\Controllers\JadwalSumbangan))
12 SYSTEMPATH\CodeIgniter.php(361): CodeIgniter\CodeIgniter->handleRequest(null, Object(Config\Cache), false)
13 FCPATH\index.php(79): CodeIgniter\CodeIgniter->run()
WARNING - 2026-01-18 06:50:12 --> [DEPRECATED] substr(): Passing null to parameter #1 ($string) of type string is deprecated in APPPATH\Views\Sumbangan\detail_jadwal.php on line 218.
 1 APPPATH\Views\Sumbangan\detail_jadwal.php(218): substr(null, 0, 5)
 2 SYSTEMPATH\View\View.php(228): include('C:\\xampp\\htdocs\\88sumbangan\\app\\Views\\Sumbangan\\detail_jadwal.php')
 3 SYSTEMPATH\View\View.php(231): CodeIgniter\View\View->CodeIgniter\View\{closure}()
 4 SYSTEMPATH\Common.php(1178): CodeIgniter\View\View->render('Sumbangan/detail_jadwal', [], true)
 5 APPPATH\Views\template.php(48): view('Sumbangan/detail_jadwal')
 6 SYSTEMPATH\View\View.php(228): include('C:\\xampp\\htdocs\\88sumbangan\\app\\Views\\template.php')
 7 SYSTEMPATH\View\View.php(231): CodeIgniter\View\View->CodeIgniter\View\{closure}()
 8 SYSTEMPATH\Common.php(1178): CodeIgniter\View\View->render('template', [], true)
 9 APPPATH\Controllers\JadwalSumbangan.php(78): view('template', [...])
10 SYSTEMPATH\CodeIgniter.php(941): App\Controllers\JadwalSumbangan->detail_jadwal('1')
11 SYSTEMPATH\CodeIgniter.php(502): CodeIgniter\CodeIgniter->runController(Object(App\Controllers\JadwalSumbangan))
12 SYSTEMPATH\CodeIgniter.php(361): CodeIgniter\CodeIgniter->handleRequest(null, Object(Config\Cache), false)
13 FCPATH\index.php(79): CodeIgniter\CodeIgniter->run()
WARNING - 2026-01-18 06:50:12 --> [DEPRECATED] substr(): Passing null to parameter #1 ($string) of type string is deprecated in APPPATH\Views\Sumbangan\detail_jadwal.php on line 208.
 1 APPPATH\Views\Sumbangan\detail_jadwal.php(208): substr(null, 0, 5)
 2 SYSTEMPATH\View\View.php(228): include('C:\\xampp\\htdocs\\88sumbangan\\app\\Views\\Sumbangan\\detail_jadwal.php')
 3 SYSTEMPATH\View\View.php(231): CodeIgniter\View\View->CodeIgniter\View\{closure}()
 4 SYSTEMPATH\Common.php(1178): CodeIgniter\View\View->render('Sumbangan/detail_jadwal', [], true)
 5 APPPATH\Views\template.php(48): view('Sumbangan/detail_jadwal')
 6 SYSTEMPATH\View\View.php(228): include('C:\\xampp\\htdocs\\88sumbangan\\app\\Views\\template.php')
 7 SYSTEMPATH\View\View.php(231): CodeIgniter\View\View->CodeIgniter\View\{closure}()
 8 SYSTEMPATH\Common.php(1178): CodeIgniter\View\View->render('template', [], true)
 9 APPPATH\Controllers\JadwalSumbangan.php(78): view('template', [...])
10 SYSTEMPATH\CodeIgniter.php(941): App\Controllers\JadwalSumbangan->detail_jadwal('1')
11 SYSTEMPATH\CodeIgniter.php(502): CodeIgniter\CodeIgniter->runController(Object(App\Controllers\JadwalSumbangan))
12 SYSTEMPATH\CodeIgniter.php(361): CodeIgniter\CodeIgniter->handleRequest(null, Object(Config\Cache), false)
13 FCPATH\index.php(79): CodeIgniter\CodeIgniter->run()
WARNING - 2026-01-18 06:50:12 --> [DEPRECATED] substr(): Passing null to parameter #1 ($string) of type string is deprecated in APPPATH\Views\Sumbangan\detail_jadwal.php on line 218.
 1 APPPATH\Views\Sumbangan\detail_jadwal.php(218): substr(null, 0, 5)
 2 SYSTEMPATH\View\View.php(228): include('C:\\xampp\\htdocs\\88sumbangan\\app\\Views\\Sumbangan\\detail_jadwal.php')
 3 SYSTEMPATH\View\View.php(231): CodeIgniter\View\View->CodeIgniter\View\{closure}()
 4 SYSTEMPATH\Common.php(1178): CodeIgniter\View\View->render('Sumbangan/detail_jadwal', [], true)
 5 APPPATH\Views\template.php(48): view('Sumbangan/detail_jadwal')
 6 SYSTEMPATH\View\View.php(228): include('C:\\xampp\\htdocs\\88sumbangan\\app\\Views\\template.php')
 7 SYSTEMPATH\View\View.php(231): CodeIgniter\View\View->CodeIgniter\View\{closure}()
 8 SYSTEMPATH\Common.php(1178): CodeIgniter\View\View->render('template', [], true)
 9 APPPATH\Controllers\JadwalSumbangan.php(78): view('template', [...])
10 SYSTEMPATH\CodeIgniter.php(941): App\Controllers\JadwalSumbangan->detail_jadwal('1')
11 SYSTEMPATH\CodeIgniter.php(502): CodeIgniter\CodeIgniter->runController(Object(App\Controllers\JadwalSumbangan))
12 SYSTEMPATH\CodeIgniter.php(361): CodeIgniter\CodeIgniter->handleRequest(null, Object(Config\Cache), false)
13 FCPATH\index.php(79): CodeIgniter\CodeIgniter->run()
WARNING - 2026-01-18 06:50:12 --> [DEPRECATED] substr(): Passing null to parameter #1 ($string) of type string is deprecated in APPPATH\Views\Sumbangan\detail_jadwal.php on line 208.
 1 APPPATH\Views\Sumbangan\detail_jadwal.php(208): substr(null, 0, 5)
 2 SYSTEMPATH\View\View.php(228): include('C:\\xampp\\htdocs\\88sumbangan\\app\\Views\\Sumbangan\\detail_jadwal.php')
 3 SYSTEMPATH\View\View.php(231): CodeIgniter\View\View->CodeIgniter\View\{closure}()
 4 SYSTEMPATH\Common.php(1178): CodeIgniter\View\View->render('Sumbangan/detail_jadwal', [], true)
 5 APPPATH\Views\template.php(48): view('Sumbangan/detail_jadwal')
 6 SYSTEMPATH\View\View.php(228): include('C:\\xampp\\htdocs\\88sumbangan\\app\\Views\\template.php')
 7 SYSTEMPATH\View\View.php(231): CodeIgniter\View\View->CodeIgniter\View\{closure}()
 8 SYSTEMPATH\Common.php(1178): CodeIgniter\View\View->render('template', [], true)
 9 APPPATH\Controllers\JadwalSumbangan.php(78): view('template', [...])
10 SYSTEMPATH\CodeIgniter.php(941): App\Controllers\JadwalSumbangan->detail_jadwal('1')
11 SYSTEMPATH\CodeIgniter.php(502): CodeIgniter\CodeIgniter->runController(Object(App\Controllers\JadwalSumbangan))
12 SYSTEMPATH\CodeIgniter.php(361): CodeIgniter\CodeIgniter->handleRequest(null, Object(Config\Cache), false)
13 FCPATH\index.php(79): CodeIgniter\CodeIgniter->run()
WARNING - 2026-01-18 06:50:12 --> [DEPRECATED] substr(): Passing null to parameter #1 ($string) of type string is deprecated in APPPATH\Views\Sumbangan\detail_jadwal.php on line 218.
 1 APPPATH\Views\Sumbangan\detail_jadwal.php(218): substr(null, 0, 5)
 2 SYSTEMPATH\View\View.php(228): include('C:\\xampp\\htdocs\\88sumbangan\\app\\Views\\Sumbangan\\detail_jadwal.php')
 3 SYSTEMPATH\View\View.php(231): CodeIgniter\View\View->CodeIgniter\View\{closure}()
 4 SYSTEMPATH\Common.php(1178): CodeIgniter\View\View->render('Sumbangan/detail_jadwal', [], true)
 5 APPPATH\Views\template.php(48): view('Sumbangan/detail_jadwal')
 6 SYSTEMPATH\View\View.php(228): include('C:\\xampp\\htdocs\\88sumbangan\\app\\Views\\template.php')
 7 SYSTEMPATH\View\View.php(231): CodeIgniter\View\View->CodeIgniter\View\{closure}()
 8 SYSTEMPATH\Common.php(1178): CodeIgniter\View\View->render('template', [], true)
 9 APPPATH\Controllers\JadwalSumbangan.php(78): view('template', [...])
10 SYSTEMPATH\CodeIgniter.php(941): App\Controllers\JadwalSumbangan->detail_jadwal('1')
11 SYSTEMPATH\CodeIgniter.php(502): CodeIgniter\CodeIgniter->runController(Object(App\Controllers\JadwalSumbangan))
12 SYSTEMPATH\CodeIgniter.php(361): CodeIgniter\CodeIgniter->handleRequest(null, Object(Config\Cache), false)
13 FCPATH\index.php(79): CodeIgniter\CodeIgniter->run()
WARNING - 2026-01-18 06:50:12 --> [DEPRECATED] substr(): Passing null to parameter #1 ($string) of type string is deprecated in APPPATH\Views\Sumbangan\detail_jadwal.php on line 208.
 1 APPPATH\Views\Sumbangan\detail_jadwal.php(208): substr(null, 0, 5)
 2 SYSTEMPATH\View\View.php(228): include('C:\\xampp\\htdocs\\88sumbangan\\app\\Views\\Sumbangan\\detail_jadwal.php')
 3 SYSTEMPATH\View\View.php(231): CodeIgniter\View\View->CodeIgniter\View\{closure}()
 4 SYSTEMPATH\Common.php(1178): CodeIgniter\View\View->render('Sumbangan/detail_jadwal', [], true)
 5 APPPATH\Views\template.php(48): view('Sumbangan/detail_jadwal')
 6 SYSTEMPATH\View\View.php(228): include('C:\\xampp\\htdocs\\88sumbangan\\app\\Views\\template.php')
 7 SYSTEMPATH\View\View.php(231): CodeIgniter\View\View->CodeIgniter\View\{closure}()
 8 SYSTEMPATH\Common.php(1178): CodeIgniter\View\View->render('template', [], true)
 9 APPPATH\Controllers\JadwalSumbangan.php(78): view('template', [...])
10 SYSTEMPATH\CodeIgniter.php(941): App\Controllers\JadwalSumbangan->detail_jadwal('1')
11 SYSTEMPATH\CodeIgniter.php(502): CodeIgniter\CodeIgniter->runController(Object(App\Controllers\JadwalSumbangan))
12 SYSTEMPATH\CodeIgniter.php(361): CodeIgniter\CodeIgniter->handleRequest(null, Object(Config\Cache), false)
13 FCPATH\index.php(79): CodeIgniter\CodeIgniter->run()
WARNING - 2026-01-18 06:50:12 --> [DEPRECATED] substr(): Passing null to parameter #1 ($string) of type string is deprecated in APPPATH\Views\Sumbangan\detail_jadwal.php on line 218.
 1 APPPATH\Views\Sumbangan\detail_jadwal.php(218): substr(null, 0, 5)
 2 SYSTEMPATH\View\View.php(228): include('C:\\xampp\\htdocs\\88sumbangan\\app\\Views\\Sumbangan\\detail_jadwal.php')
 3 SYSTEMPATH\View\View.php(231): CodeIgniter\View\View->CodeIgniter\View\{closure}()
 4 SYSTEMPATH\Common.php(1178): CodeIgniter\View\View->render('Sumbangan/detail_jadwal', [], true)
 5 APPPATH\Views\template.php(48): view('Sumbangan/detail_jadwal')
 6 SYSTEMPATH\View\View.php(228): include('C:\\xampp\\htdocs\\88sumbangan\\app\\Views\\template.php')
 7 SYSTEMPATH\View\View.php(231): CodeIgniter\View\View->CodeIgniter\View\{closure}()
 8 SYSTEMPATH\Common.php(1178): CodeIgniter\View\View->render('template', [], true)
 9 APPPATH\Controllers\JadwalSumbangan.php(78): view('template', [...])
10 SYSTEMPATH\CodeIgniter.php(941): App\Controllers\JadwalSumbangan->detail_jadwal('1')
11 SYSTEMPATH\CodeIgniter.php(502): CodeIgniter\CodeIgniter->runController(Object(App\Controllers\JadwalSumbangan))
12 SYSTEMPATH\CodeIgniter.php(361): CodeIgniter\CodeIgniter->handleRequest(null, Object(Config\Cache), false)
13 FCPATH\index.php(79): CodeIgniter\CodeIgniter->run()
WARNING - 2026-01-18 06:50:12 --> [DEPRECATED] substr(): Passing null to parameter #1 ($string) of type string is deprecated in APPPATH\Views\Sumbangan\detail_jadwal.php on line 208.
 1 APPPATH\Views\Sumbangan\detail_jadwal.php(208): substr(null, 0, 5)
 2 SYSTEMPATH\View\View.php(228): include('C:\\xampp\\htdocs\\88sumbangan\\app\\Views\\Sumbangan\\detail_jadwal.php')
 3 SYSTEMPATH\View\View.php(231): CodeIgniter\View\View->CodeIgniter\View\{closure}()
 4 SYSTEMPATH\Common.php(1178): CodeIgniter\View\View->render('Sumbangan/detail_jadwal', [], true)
 5 APPPATH\Views\template.php(48): view('Sumbangan/detail_jadwal')
 6 SYSTEMPATH\View\View.php(228): include('C:\\xampp\\htdocs\\88sumbangan\\app\\Views\\template.php')
 7 SYSTEMPATH\View\View.php(231): CodeIgniter\View\View->CodeIgniter\View\{closure}()
 8 SYSTEMPATH\Common.php(1178): CodeIgniter\View\View->render('template', [], true)
 9 APPPATH\Controllers\JadwalSumbangan.php(78): view('template', [...])
10 SYSTEMPATH\CodeIgniter.php(941): App\Controllers\JadwalSumbangan->detail_jadwal('1')
11 SYSTEMPATH\CodeIgniter.php(502): CodeIgniter\CodeIgniter->runController(Object(App\Controllers\JadwalSumbangan))
12 SYSTEMPATH\CodeIgniter.php(361): CodeIgniter\CodeIgniter->handleRequest(null, Object(Config\Cache), false)
13 FCPATH\index.php(79): CodeIgniter\CodeIgniter->run()
WARNING - 2026-01-18 06:50:12 --> [DEPRECATED] substr(): Passing null to parameter #1 ($string) of type string is deprecated in APPPATH\Views\Sumbangan\detail_jadwal.php on line 218.
 1 APPPATH\Views\Sumbangan\detail_jadwal.php(218): substr(null, 0, 5)
 2 SYSTEMPATH\View\View.php(228): include('C:\\xampp\\htdocs\\88sumbangan\\app\\Views\\Sumbangan\\detail_jadwal.php')
 3 SYSTEMPATH\View\View.php(231): CodeIgniter\View\View->CodeIgniter\View\{closure}()
 4 SYSTEMPATH\Common.php(1178): CodeIgniter\View\View->render('Sumbangan/detail_jadwal', [], true)
 5 APPPATH\Views\template.php(48): view('Sumbangan/detail_jadwal')
 6 SYSTEMPATH\View\View.php(228): include('C:\\xampp\\htdocs\\88sumbangan\\app\\Views\\template.php')
 7 SYSTEMPATH\View\View.php(231): CodeIgniter\View\View->CodeIgniter\View\{closure}()
 8 SYSTEMPATH\Common.php(1178): CodeIgniter\View\View->render('template', [], true)
 9 APPPATH\Controllers\JadwalSumbangan.php(78): view('template', [...])
10 SYSTEMPATH\CodeIgniter.php(941): App\Controllers\JadwalSumbangan->detail_jadwal('1')
11 SYSTEMPATH\CodeIgniter.php(502): CodeIgniter\CodeIgniter->runController(Object(App\Controllers\JadwalSumbangan))
12 SYSTEMPATH\CodeIgniter.php(361): CodeIgniter\CodeIgniter->handleRequest(null, Object(Config\Cache), false)
13 FCPATH\index.php(79): CodeIgniter\CodeIgniter->run()
INFO - 2026-01-18 06:50:40 --> Session: Class initialized using 'CodeIgniter\Session\Handlers\FileHandler' driver.
INFO - 2026-01-18 06:51:18 --> Session: Class initialized using 'CodeIgniter\Session\Handlers\FileHandler' driver.
INFO - 2026-01-18 06:51:44 --> Session: Class initialized using 'CodeIgniter\Session\Handlers\FileHandler' driver.
INFO - 2026-01-18 06:51:59 --> Session: Class initialized using 'CodeIgniter\Session\Handlers\FileHandler' driver.
INFO - 2026-01-18 06:52:18 --> Session: Class initialized using 'CodeIgniter\Session\Handlers\FileHandler' driver.
INFO - 2026-01-18 06:54:05 --> Session: Class initialized using 'CodeIgniter\Session\Handlers\FileHandler' driver.
INFO - 2026-01-18 06:54:17 --> Session: Class initialized using 'CodeIgniter\Session\Handlers\FileHandler' driver.
INFO - 2026-01-18 06:56:42 --> Session: Class initialized using 'CodeIgniter\Session\Handlers\FileHandler' driver.
INFO - 2026-01-18 06:56:52 --> Session: Class initialized using 'CodeIgniter\Session\Handlers\FileHandler' driver.
INFO - 2026-01-18 06:57:23 --> Session: Class initialized using 'CodeIgniter\Session\Handlers\FileHandler' driver.
INFO - 2026-01-18 07:02:06 --> Session: Class initialized using 'CodeIgniter\Session\Handlers\FileHandler' driver.
INFO - 2026-01-18 07:04:21 --> Session: Class initialized using 'CodeIgniter\Session\Handlers\FileHandler' driver.
INFO - 2026-01-18 07:04:32 --> Session: Class initialized using 'CodeIgniter\Session\Handlers\FileHandler' driver.
INFO - 2026-01-18 07:05:34 --> Session: Class initialized using 'CodeIgniter\Session\Handlers\FileHandler' driver.
INFO - 2026-01-18 07:06:32 --> Session: Class initialized using 'CodeIgniter\Session\Handlers\FileHandler' driver.
INFO - 2026-01-18 07:06:45 --> Session: Class initialized using 'CodeIgniter\Session\Handlers\FileHandler' driver.
INFO - 2026-01-18 07:06:52 --> Session: Class initialized using 'CodeIgniter\Session\Handlers\FileHandler' driver.
WARNING - 2026-01-18 07:06:56 --> [DEPRECATED] substr(): Passing null to parameter #1 ($string) of type string is deprecated in APPPATH\Views\Sumbangan\detail_jadwal.php on line 208.
 1 APPPATH\Views\Sumbangan\detail_jadwal.php(208): substr(null, 0, 5)
 2 SYSTEMPATH\View\View.php(228): include('C:\\xampp\\htdocs\\88sumbangan\\app\\Views\\Sumbangan\\detail_jadwal.php')
 3 SYSTEMPATH\View\View.php(231): CodeIgniter\View\View->CodeIgniter\View\{closure}()
 4 SYSTEMPATH\Common.php(1178): CodeIgniter\View\View->render('Sumbangan/detail_jadwal', [], true)
 5 APPPATH\Views\template.php(48): view('Sumbangan/detail_jadwal')
 6 SYSTEMPATH\View\View.php(228): include('C:\\xampp\\htdocs\\88sumbangan\\app\\Views\\template.php')
 7 SYSTEMPATH\View\View.php(231): CodeIgniter\View\View->CodeIgniter\View\{closure}()
 8 SYSTEMPATH\Common.php(1178): CodeIgniter\View\View->render('template', [], true)
 9 APPPATH\Controllers\JadwalSumbangan.php(78): view('template', [...])
10 SYSTEMPATH\CodeIgniter.php(941): App\Controllers\JadwalSumbangan->detail_jadwal('1')
11 SYSTEMPATH\CodeIgniter.php(502): CodeIgniter\CodeIgniter->runController(Object(App\Controllers\JadwalSumbangan))
12 SYSTEMPATH\CodeIgniter.php(361): CodeIgniter\CodeIgniter->handleRequest(null, Object(Config\Cache), false)
13 FCPATH\index.php(79): CodeIgniter\CodeIgniter->run()
WARNING - 2026-01-18 07:06:56 --> [DEPRECATED] substr(): Passing null to parameter #1 ($string) of type string is deprecated in APPPATH\Views\Sumbangan\detail_jadwal.php on line 218.
 1 APPPATH\Views\Sumbangan\detail_jadwal.php(218): substr(null, 0, 5)
 2 SYSTEMPATH\View\View.php(228): include('C:\\xampp\\htdocs\\88sumbangan\\app\\Views\\Sumbangan\\detail_jadwal.php')
 3 SYSTEMPATH\View\View.php(231): CodeIgniter\View\View->CodeIgniter\View\{closure}()
 4 SYSTEMPATH\Common.php(1178): CodeIgniter\View\View->render('Sumbangan/detail_jadwal', [], true)
 5 APPPATH\Views\template.php(48): view('Sumbangan/detail_jadwal')
 6 SYSTEMPATH\View\View.php(228): include('C:\\xampp\\htdocs\\88sumbangan\\app\\Views\\template.php')
 7 SYSTEMPATH\View\View.php(231): CodeIgniter\View\View->CodeIgniter\View\{closure}()
 8 SYSTEMPATH\Common.php(1178): CodeIgniter\View\View->render('template', [], true)
 9 APPPATH\Controllers\JadwalSumbangan.php(78): view('template', [...])
10 SYSTEMPATH\CodeIgniter.php(941): App\Controllers\JadwalSumbangan->detail_jadwal('1')
11 SYSTEMPATH\CodeIgniter.php(502): CodeIgniter\CodeIgniter->runController(Object(App\Controllers\JadwalSumbangan))
12 SYSTEMPATH\CodeIgniter.php(361): CodeIgniter\CodeIgniter->handleRequest(null, Object(Config\Cache), false)
13 FCPATH\index.php(79): CodeIgniter\CodeIgniter->run()
WARNING - 2026-01-18 07:06:56 --> [DEPRECATED] substr(): Passing null to parameter #1 ($string) of type string is deprecated in APPPATH\Views\Sumbangan\detail_jadwal.php on line 208.
 1 APPPATH\Views\Sumbangan\detail_jadwal.php(208): substr(null, 0, 5)
 2 SYSTEMPATH\View\View.php(228): include('C:\\xampp\\htdocs\\88sumbangan\\app\\Views\\Sumbangan\\detail_jadwal.php')
 3 SYSTEMPATH\View\View.php(231): CodeIgniter\View\View->CodeIgniter\View\{closure}()
 4 SYSTEMPATH\Common.php(1178): CodeIgniter\View\View->render('Sumbangan/detail_jadwal', [], true)
 5 APPPATH\Views\template.php(48): view('Sumbangan/detail_jadwal')
 6 SYSTEMPATH\View\View.php(228): include('C:\\xampp\\htdocs\\88sumbangan\\app\\Views\\template.php')
 7 SYSTEMPATH\View\View.php(231): CodeIgniter\View\View->CodeIgniter\View\{closure}()
 8 SYSTEMPATH\Common.php(1178): CodeIgniter\View\View->render('template', [], true)
 9 APPPATH\Controllers\JadwalSumbangan.php(78): view('template', [...])
10 SYSTEMPATH\CodeIgniter.php(941): App\Controllers\JadwalSumbangan->detail_jadwal('1')
11 SYSTEMPATH\CodeIgniter.php(502): CodeIgniter\CodeIgniter->runController(Object(App\Controllers\JadwalSumbangan))
12 SYSTEMPATH\CodeIgniter.php(361): CodeIgniter\CodeIgniter->handleRequest(null, Object(Config\Cache), false)
13 FCPATH\index.php(79): CodeIgniter\CodeIgniter->run()
WARNING - 2026-01-18 07:06:56 --> [DEPRECATED] substr(): Passing null to parameter #1 ($string) of type string is deprecated in APPPATH\Views\Sumbangan\detail_jadwal.php on line 218.
 1 APPPATH\Views\Sumbangan\detail_jadwal.php(218): substr(null, 0, 5)
 2 SYSTEMPATH\View\View.php(228): include('C:\\xampp\\htdocs\\88sumbangan\\app\\Views\\Sumbangan\\detail_jadwal.php')
 3 SYSTEMPATH\View\View.php(231): CodeIgniter\View\View->CodeIgniter\View\{closure}()
 4 SYSTEMPATH\Common.php(1178): CodeIgniter\View\View->render('Sumbangan/detail_jadwal', [], true)
 5 APPPATH\Views\template.php(48): view('Sumbangan/detail_jadwal')
 6 SYSTEMPATH\View\View.php(228): include('C:\\xampp\\htdocs\\88sumbangan\\app\\Views\\template.php')
 7 SYSTEMPATH\View\View.php(231): CodeIgniter\View\View->CodeIgniter\View\{closure}()
 8 SYSTEMPATH\Common.php(1178): CodeIgniter\View\View->render('template', [], true)
 9 APPPATH\Controllers\JadwalSumbangan.php(78): view('template', [...])
10 SYSTEMPATH\CodeIgniter.php(941): App\Controllers\JadwalSumbangan->detail_jadwal('1')
11 SYSTEMPATH\CodeIgniter.php(502): CodeIgniter\CodeIgniter->runController(Object(App\Controllers\JadwalSumbangan))
12 SYSTEMPATH\CodeIgniter.php(361): CodeIgniter\CodeIgniter->handleRequest(null, Object(Config\Cache), false)
13 FCPATH\index.php(79): CodeIgniter\CodeIgniter->run()
WARNING - 2026-01-18 07:06:56 --> [DEPRECATED] substr(): Passing null to parameter #1 ($string) of type string is deprecated in APPPATH\Views\Sumbangan\detail_jadwal.php on line 208.
 1 APPPATH\Views\Sumbangan\detail_jadwal.php(208): substr(null, 0, 5)
 2 SYSTEMPATH\View\View.php(228): include('C:\\xampp\\htdocs\\88sumbangan\\app\\Views\\Sumbangan\\detail_jadwal.php')
 3 SYSTEMPATH\View\View.php(231): CodeIgniter\View\View->CodeIgniter\View\{closure}()
 4 SYSTEMPATH\Common.php(1178): CodeIgniter\View\View->render('Sumbangan/detail_jadwal', [], true)
 5 APPPATH\Views\template.php(48): view('Sumbangan/detail_jadwal')
 6 SYSTEMPATH\View\View.php(228): include('C:\\xampp\\htdocs\\88sumbangan\\app\\Views\\template.php')
 7 SYSTEMPATH\View\View.php(231): CodeIgniter\View\View->CodeIgniter\View\{closure}()
 8 SYSTEMPATH\Common.php(1178): CodeIgniter\View\View->render('template', [], true)
 9 APPPATH\Controllers\JadwalSumbangan.php(78): view('template', [...])
10 SYSTEMPATH\CodeIgniter.php(941): App\Controllers\JadwalSumbangan->detail_jadwal('1')
11 SYSTEMPATH\CodeIgniter.php(502): CodeIgniter\CodeIgniter->runController(Object(App\Controllers\JadwalSumbangan))
12 SYSTEMPATH\CodeIgniter.php(361): CodeIgniter\CodeIgniter->handleRequest(null, Object(Config\Cache), false)
13 FCPATH\index.php(79): CodeIgniter\CodeIgniter->run()
WARNING - 2026-01-18 07:06:56 --> [DEPRECATED] substr(): Passing null to parameter #1 ($string) of type string is deprecated in APPPATH\Views\Sumbangan\detail_jadwal.php on line 218.
 1 APPPATH\Views\Sumbangan\detail_jadwal.php(218): substr(null, 0, 5)
 2 SYSTEMPATH\View\View.php(228): include('C:\\xampp\\htdocs\\88sumbangan\\app\\Views\\Sumbangan\\detail_jadwal.php')
 3 SYSTEMPATH\View\View.php(231): CodeIgniter\View\View->CodeIgniter\View\{closure}()
 4 SYSTEMPATH\Common.php(1178): CodeIgniter\View\View->render('Sumbangan/detail_jadwal', [], true)
 5 APPPATH\Views\template.php(48): view('Sumbangan/detail_jadwal')
 6 SYSTEMPATH\View\View.php(228): include('C:\\xampp\\htdocs\\88sumbangan\\app\\Views\\template.php')
 7 SYSTEMPATH\View\View.php(231): CodeIgniter\View\View->CodeIgniter\View\{closure}()
 8 SYSTEMPATH\Common.php(1178): CodeIgniter\View\View->render('template', [], true)
 9 APPPATH\Controllers\JadwalSumbangan.php(78): view('template', [...])
10 SYSTEMPATH\CodeIgniter.php(941): App\Controllers\JadwalSumbangan->detail_jadwal('1')
11 SYSTEMPATH\CodeIgniter.php(502): CodeIgniter\CodeIgniter->runController(Object(App\Controllers\JadwalSumbangan))
12 SYSTEMPATH\CodeIgniter.php(361): CodeIgniter\CodeIgniter->handleRequest(null, Object(Config\Cache), false)
13 FCPATH\index.php(79): CodeIgniter\CodeIgniter->run()
WARNING - 2026-01-18 07:06:56 --> [DEPRECATED] substr(): Passing null to parameter #1 ($string) of type string is deprecated in APPPATH\Views\Sumbangan\detail_jadwal.php on line 208.
 1 APPPATH\Views\Sumbangan\detail_jadwal.php(208): substr(null, 0, 5)
 2 SYSTEMPATH\View\View.php(228): include('C:\\xampp\\htdocs\\88sumbangan\\app\\Views\\Sumbangan\\detail_jadwal.php')
 3 SYSTEMPATH\View\View.php(231): CodeIgniter\View\View->CodeIgniter\View\{closure}()
 4 SYSTEMPATH\Common.php(1178): CodeIgniter\View\View->render('Sumbangan/detail_jadwal', [], true)
 5 APPPATH\Views\template.php(48): view('Sumbangan/detail_jadwal')
 6 SYSTEMPATH\View\View.php(228): include('C:\\xampp\\htdocs\\88sumbangan\\app\\Views\\template.php')
 7 SYSTEMPATH\View\View.php(231): CodeIgniter\View\View->CodeIgniter\View\{closure}()
 8 SYSTEMPATH\Common.php(1178): CodeIgniter\View\View->render('template', [], true)
 9 APPPATH\Controllers\JadwalSumbangan.php(78): view('template', [...])
10 SYSTEMPATH\CodeIgniter.php(941): App\Controllers\JadwalSumbangan->detail_jadwal('1')
11 SYSTEMPATH\CodeIgniter.php(502): CodeIgniter\CodeIgniter->runController(Object(App\Controllers\JadwalSumbangan))
12 SYSTEMPATH\CodeIgniter.php(361): CodeIgniter\CodeIgniter->handleRequest(null, Object(Config\Cache), false)
13 FCPATH\index.php(79): CodeIgniter\CodeIgniter->run()
WARNING - 2026-01-18 07:06:56 --> [DEPRECATED] substr(): Passing null to parameter #1 ($string) of type string is deprecated in APPPATH\Views\Sumbangan\detail_jadwal.php on line 218.
 1 APPPATH\Views\Sumbangan\detail_jadwal.php(218): substr(null, 0, 5)
 2 SYSTEMPATH\View\View.php(228): include('C:\\xampp\\htdocs\\88sumbangan\\app\\Views\\Sumbangan\\detail_jadwal.php')
 3 SYSTEMPATH\View\View.php(231): CodeIgniter\View\View->CodeIgniter\View\{closure}()
 4 SYSTEMPATH\Common.php(1178): CodeIgniter\View\View->render('Sumbangan/detail_jadwal', [], true)
 5 APPPATH\Views\template.php(48): view('Sumbangan/detail_jadwal')
 6 SYSTEMPATH\View\View.php(228): include('C:\\xampp\\htdocs\\88sumbangan\\app\\Views\\template.php')
 7 SYSTEMPATH\View\View.php(231): CodeIgniter\View\View->CodeIgniter\View\{closure}()
 8 SYSTEMPATH\Common.php(1178): CodeIgniter\View\View->render('template', [], true)
 9 APPPATH\Controllers\JadwalSumbangan.php(78): view('template', [...])
10 SYSTEMPATH\CodeIgniter.php(941): App\Controllers\JadwalSumbangan->detail_jadwal('1')
11 SYSTEMPATH\CodeIgniter.php(502): CodeIgniter\CodeIgniter->runController(Object(App\Controllers\JadwalSumbangan))
12 SYSTEMPATH\CodeIgniter.php(361): CodeIgniter\CodeIgniter->handleRequest(null, Object(Config\Cache), false)
13 FCPATH\index.php(79): CodeIgniter\CodeIgniter->run()
WARNING - 2026-01-18 07:06:56 --> [DEPRECATED] substr(): Passing null to parameter #1 ($string) of type string is deprecated in APPPATH\Views\Sumbangan\detail_jadwal.php on line 208.
 1 APPPATH\Views\Sumbangan\detail_jadwal.php(208): substr(null, 0, 5)
 2 SYSTEMPATH\View\View.php(228): include('C:\\xampp\\htdocs\\88sumbangan\\app\\Views\\Sumbangan\\detail_jadwal.php')
 3 SYSTEMPATH\View\View.php(231): CodeIgniter\View\View->CodeIgniter\View\{closure}()
 4 SYSTEMPATH\Common.php(1178): CodeIgniter\View\View->render('Sumbangan/detail_jadwal', [], true)
 5 APPPATH\Views\template.php(48): view('Sumbangan/detail_jadwal')
 6 SYSTEMPATH\View\View.php(228): include('C:\\xampp\\htdocs\\88sumbangan\\app\\Views\\template.php')
 7 SYSTEMPATH\View\View.php(231): CodeIgniter\View\View->CodeIgniter\View\{closure}()
 8 SYSTEMPATH\Common.php(1178): CodeIgniter\View\View->render('template', [], true)
 9 APPPATH\Controllers\JadwalSumbangan.php(78): view('template', [...])
10 SYSTEMPATH\CodeIgniter.php(941): App\Controllers\JadwalSumbangan->detail_jadwal('1')
11 SYSTEMPATH\CodeIgniter.php(502): CodeIgniter\CodeIgniter->runController(Object(App\Controllers\JadwalSumbangan))
12 SYSTEMPATH\CodeIgniter.php(361): CodeIgniter\CodeIgniter->handleRequest(null, Object(Config\Cache), false)
13 FCPATH\index.php(79): CodeIgniter\CodeIgniter->run()
WARNING - 2026-01-18 07:06:56 --> [DEPRECATED] substr(): Passing null to parameter #1 ($string) of type string is deprecated in APPPATH\Views\Sumbangan\detail_jadwal.php on line 218.
 1 APPPATH\Views\Sumbangan\detail_jadwal.php(218): substr(null, 0, 5)
 2 SYSTEMPATH\View\View.php(228): include('C:\\xampp\\htdocs\\88sumbangan\\app\\Views\\Sumbangan\\detail_jadwal.php')
 3 SYSTEMPATH\View\View.php(231): CodeIgniter\View\View->CodeIgniter\View\{closure}()
 4 SYSTEMPATH\Common.php(1178): CodeIgniter\View\View->render('Sumbangan/detail_jadwal', [], true)
 5 APPPATH\Views\template.php(48): view('Sumbangan/detail_jadwal')
 6 SYSTEMPATH\View\View.php(228): include('C:\\xampp\\htdocs\\88sumbangan\\app\\Views\\template.php')
 7 SYSTEMPATH\View\View.php(231): CodeIgniter\View\View->CodeIgniter\View\{closure}()
 8 SYSTEMPATH\Common.php(1178): CodeIgniter\View\View->render('template', [], true)
 9 APPPATH\Controllers\JadwalSumbangan.php(78): view('template', [...])
10 SYSTEMPATH\CodeIgniter.php(941): App\Controllers\JadwalSumbangan->detail_jadwal('1')
11 SYSTEMPATH\CodeIgniter.php(502): CodeIgniter\CodeIgniter->runController(Object(App\Controllers\JadwalSumbangan))
12 SYSTEMPATH\CodeIgniter.php(361): CodeIgniter\CodeIgniter->handleRequest(null, Object(Config\Cache), false)
13 FCPATH\index.php(79): CodeIgniter\CodeIgniter->run()
WARNING - 2026-01-18 07:06:56 --> [DEPRECATED] substr(): Passing null to parameter #1 ($string) of type string is deprecated in APPPATH\Views\Sumbangan\detail_jadwal.php on line 208.
 1 APPPATH\Views\Sumbangan\detail_jadwal.php(208): substr(null, 0, 5)
 2 SYSTEMPATH\View\View.php(228): include('C:\\xampp\\htdocs\\88sumbangan\\app\\Views\\Sumbangan\\detail_jadwal.php')
 3 SYSTEMPATH\View\View.php(231): CodeIgniter\View\View->CodeIgniter\View\{closure}()
 4 SYSTEMPATH\Common.php(1178): CodeIgniter\View\View->render('Sumbangan/detail_jadwal', [], true)
 5 APPPATH\Views\template.php(48): view('Sumbangan/detail_jadwal')
 6 SYSTEMPATH\View\View.php(228): include('C:\\xampp\\htdocs\\88sumbangan\\app\\Views\\template.php')
 7 SYSTEMPATH\View\View.php(231): CodeIgniter\View\View->CodeIgniter\View\{closure}()
 8 SYSTEMPATH\Common.php(1178): CodeIgniter\View\View->render('template', [], true)
 9 APPPATH\Controllers\JadwalSumbangan.php(78): view('template', [...])
10 SYSTEMPATH\CodeIgniter.php(941): App\Controllers\JadwalSumbangan->detail_jadwal('1')
11 SYSTEMPATH\CodeIgniter.php(502): CodeIgniter\CodeIgniter->runController(Object(App\Controllers\JadwalSumbangan))
12 SYSTEMPATH\CodeIgniter.php(361): CodeIgniter\CodeIgniter->handleRequest(null, Object(Config\Cache), false)
13 FCPATH\index.php(79): CodeIgniter\CodeIgniter->run()
WARNING - 2026-01-18 07:06:56 --> [DEPRECATED] substr(): Passing null to parameter #1 ($string) of type string is deprecated in APPPATH\Views\Sumbangan\detail_jadwal.php on line 218.
 1 APPPATH\Views\Sumbangan\detail_jadwal.php(218): substr(null, 0, 5)
 2 SYSTEMPATH\View\View.php(228): include('C:\\xampp\\htdocs\\88sumbangan\\app\\Views\\Sumbangan\\detail_jadwal.php')
 3 SYSTEMPATH\View\View.php(231): CodeIgniter\View\View->CodeIgniter\View\{closure}()
 4 SYSTEMPATH\Common.php(1178): CodeIgniter\View\View->render('Sumbangan/detail_jadwal', [], true)
 5 APPPATH\Views\template.php(48): view('Sumbangan/detail_jadwal')
 6 SYSTEMPATH\View\View.php(228): include('C:\\xampp\\htdocs\\88sumbangan\\app\\Views\\template.php')
 7 SYSTEMPATH\View\View.php(231): CodeIgniter\View\View->CodeIgniter\View\{closure}()
 8 SYSTEMPATH\Common.php(1178): CodeIgniter\View\View->render('template', [], true)
 9 APPPATH\Controllers\JadwalSumbangan.php(78): view('template', [...])
10 SYSTEMPATH\CodeIgniter.php(941): App\Controllers\JadwalSumbangan->detail_jadwal('1')
11 SYSTEMPATH\CodeIgniter.php(502): CodeIgniter\CodeIgniter->runController(Object(App\Controllers\JadwalSumbangan))
12 SYSTEMPATH\CodeIgniter.php(361): CodeIgniter\CodeIgniter->handleRequest(null, Object(Config\Cache), false)
13 FCPATH\index.php(79): CodeIgniter\CodeIgniter->run()
WARNING - 2026-01-18 07:06:56 --> [DEPRECATED] substr(): Passing null to parameter #1 ($string) of type string is deprecated in APPPATH\Views\Sumbangan\detail_jadwal.php on line 208.
 1 APPPATH\Views\Sumbangan\detail_jadwal.php(208): substr(null, 0, 5)
 2 SYSTEMPATH\View\View.php(228): include('C:\\xampp\\htdocs\\88sumbangan\\app\\Views\\Sumbangan\\detail_jadwal.php')
 3 SYSTEMPATH\View\View.php(231): CodeIgniter\View\View->CodeIgniter\View\{closure}()
 4 SYSTEMPATH\Common.php(1178): CodeIgniter\View\View->render('Sumbangan/detail_jadwal', [], true)
 5 APPPATH\Views\template.php(48): view('Sumbangan/detail_jadwal')
 6 SYSTEMPATH\View\View.php(228): include('C:\\xampp\\htdocs\\88sumbangan\\app\\Views\\template.php')
 7 SYSTEMPATH\View\View.php(231): CodeIgniter\View\View->CodeIgniter\View\{closure}()
 8 SYSTEMPATH\Common.php(1178): CodeIgniter\View\View->render('template', [], true)
 9 APPPATH\Controllers\JadwalSumbangan.php(78): view('template', [...])
10 SYSTEMPATH\CodeIgniter.php(941): App\Controllers\JadwalSumbangan->detail_jadwal('1')
11 SYSTEMPATH\CodeIgniter.php(502): CodeIgniter\CodeIgniter->runController(Object(App\Controllers\JadwalSumbangan))
12 SYSTEMPATH\CodeIgniter.php(361): CodeIgniter\CodeIgniter->handleRequest(null, Object(Config\Cache), false)
13 FCPATH\index.php(79): CodeIgniter\CodeIgniter->run()
WARNING - 2026-01-18 07:06:56 --> [DEPRECATED] substr(): Passing null to parameter #1 ($string) of type string is deprecated in APPPATH\Views\Sumbangan\detail_jadwal.php on line 218.
 1 APPPATH\Views\Sumbangan\detail_jadwal.php(218): substr(null, 0, 5)
 2 SYSTEMPATH\View\View.php(228): include('C:\\xampp\\htdocs\\88sumbangan\\app\\Views\\Sumbangan\\detail_jadwal.php')
 3 SYSTEMPATH\View\View.php(231): CodeIgniter\View\View->CodeIgniter\View\{closure}()
 4 SYSTEMPATH\Common.php(1178): CodeIgniter\View\View->render('Sumbangan/detail_jadwal', [], true)
 5 APPPATH\Views\template.php(48): view('Sumbangan/detail_jadwal')
 6 SYSTEMPATH\View\View.php(228): include('C:\\xampp\\htdocs\\88sumbangan\\app\\Views\\template.php')
 7 SYSTEMPATH\View\View.php(231): CodeIgniter\View\View->CodeIgniter\View\{closure}()
 8 SYSTEMPATH\Common.php(1178): CodeIgniter\View\View->render('template', [], true)
 9 APPPATH\Controllers\JadwalSumbangan.php(78): view('template', [...])
10 SYSTEMPATH\CodeIgniter.php(941): App\Controllers\JadwalSumbangan->detail_jadwal('1')
11 SYSTEMPATH\CodeIgniter.php(502): CodeIgniter\CodeIgniter->runController(Object(App\Controllers\JadwalSumbangan))
12 SYSTEMPATH\CodeIgniter.php(361): CodeIgniter\CodeIgniter->handleRequest(null, Object(Config\Cache), false)
13 FCPATH\index.php(79): CodeIgniter\CodeIgniter->run()
WARNING - 2026-01-18 07:06:56 --> [DEPRECATED] substr(): Passing null to parameter #1 ($string) of type string is deprecated in APPPATH\Views\Sumbangan\detail_jadwal.php on line 208.
 1 APPPATH\Views\Sumbangan\detail_jadwal.php(208): substr(null, 0, 5)
 2 SYSTEMPATH\View\View.php(228): include('C:\\xampp\\htdocs\\88sumbangan\\app\\Views\\Sumbangan\\detail_jadwal.php')
 3 SYSTEMPATH\View\View.php(231): CodeIgniter\View\View->CodeIgniter\View\{closure}()
 4 SYSTEMPATH\Common.php(1178): CodeIgniter\View\View->render('Sumbangan/detail_jadwal', [], true)
 5 APPPATH\Views\template.php(48): view('Sumbangan/detail_jadwal')
 6 SYSTEMPATH\View\View.php(228): include('C:\\xampp\\htdocs\\88sumbangan\\app\\Views\\template.php')
 7 SYSTEMPATH\View\View.php(231): CodeIgniter\View\View->CodeIgniter\View\{closure}()
 8 SYSTEMPATH\Common.php(1178): CodeIgniter\View\View->render('template', [], true)
 9 APPPATH\Controllers\JadwalSumbangan.php(78): view('template', [...])
10 SYSTEMPATH\CodeIgniter.php(941): App\Controllers\JadwalSumbangan->detail_jadwal('1')
11 SYSTEMPATH\CodeIgniter.php(502): CodeIgniter\CodeIgniter->runController(Object(App\Controllers\JadwalSumbangan))
12 SYSTEMPATH\CodeIgniter.php(361): CodeIgniter\CodeIgniter->handleRequest(null, Object(Config\Cache), false)
13 FCPATH\index.php(79): CodeIgniter\CodeIgniter->run()
WARNING - 2026-01-18 07:06:56 --> [DEPRECATED] substr(): Passing null to parameter #1 ($string) of type string is deprecated in APPPATH\Views\Sumbangan\detail_jadwal.php on line 218.
 1 APPPATH\Views\Sumbangan\detail_jadwal.php(218): substr(null, 0, 5)
 2 SYSTEMPATH\View\View.php(228): include('C:\\xampp\\htdocs\\88sumbangan\\app\\Views\\Sumbangan\\detail_jadwal.php')
 3 SYSTEMPATH\View\View.php(231): CodeIgniter\View\View->CodeIgniter\View\{closure}()
 4 SYSTEMPATH\Common.php(1178): CodeIgniter\View\View->render('Sumbangan/detail_jadwal', [], true)
 5 APPPATH\Views\template.php(48): view('Sumbangan/detail_jadwal')
 6 SYSTEMPATH\View\View.php(228): include('C:\\xampp\\htdocs\\88sumbangan\\app\\Views\\template.php')
 7 SYSTEMPATH\View\View.php(231): CodeIgniter\View\View->CodeIgniter\View\{closure}()
 8 SYSTEMPATH\Common.php(1178): CodeIgniter\View\View->render('template', [], true)
 9 APPPATH\Controllers\JadwalSumbangan.php(78): view('template', [...])
10 SYSTEMPATH\CodeIgniter.php(941): App\Controllers\JadwalSumbangan->detail_jadwal('1')
11 SYSTEMPATH\CodeIgniter.php(502): CodeIgniter\CodeIgniter->runController(Object(App\Controllers\JadwalSumbangan))
12 SYSTEMPATH\CodeIgniter.php(361): CodeIgniter\CodeIgniter->handleRequest(null, Object(Config\Cache), false)
13 FCPATH\index.php(79): CodeIgniter\CodeIgniter->run()
INFO - 2026-01-18 07:07:05 --> Session: Class initialized using 'CodeIgniter\Session\Handlers\FileHandler' driver.
INFO - 2026-01-18 07:07:31 --> Session: Class initialized using 'CodeIgniter\Session\Handlers\FileHandler' driver.
WARNING - 2026-01-18 07:07:35 --> [DEPRECATED] substr(): Passing null to parameter #1 ($string) of type string is deprecated in APPPATH\Views\Sumbangan\detail_jadwal.php on line 208.
 1 APPPATH\Views\Sumbangan\detail_jadwal.php(208): substr(null, 0, 5)
 2 SYSTEMPATH\View\View.php(228): include('C:\\xampp\\htdocs\\88sumbangan\\app\\Views\\Sumbangan\\detail_jadwal.php')
 3 SYSTEMPATH\View\View.php(231): CodeIgniter\View\View->CodeIgniter\View\{closure}()
 4 SYSTEMPATH\Common.php(1178): CodeIgniter\View\View->render('Sumbangan/detail_jadwal', [], true)
 5 APPPATH\Views\template.php(48): view('Sumbangan/detail_jadwal')
 6 SYSTEMPATH\View\View.php(228): include('C:\\xampp\\htdocs\\88sumbangan\\app\\Views\\template.php')
 7 SYSTEMPATH\View\View.php(231): CodeIgniter\View\View->CodeIgniter\View\{closure}()
 8 SYSTEMPATH\Common.php(1178): CodeIgniter\View\View->render('template', [], true)
 9 APPPATH\Controllers\JadwalSumbangan.php(78): view('template', [...])
10 SYSTEMPATH\CodeIgniter.php(941): App\Controllers\JadwalSumbangan->detail_jadwal('1')
11 SYSTEMPATH\CodeIgniter.php(502): CodeIgniter\CodeIgniter->runController(Object(App\Controllers\JadwalSumbangan))
12 SYSTEMPATH\CodeIgniter.php(361): CodeIgniter\CodeIgniter->handleRequest(null, Object(Config\Cache), false)
13 FCPATH\index.php(79): CodeIgniter\CodeIgniter->run()
WARNING - 2026-01-18 07:07:35 --> [DEPRECATED] substr(): Passing null to parameter #1 ($string) of type string is deprecated in APPPATH\Views\Sumbangan\detail_jadwal.php on line 218.
 1 APPPATH\Views\Sumbangan\detail_jadwal.php(218): substr(null, 0, 5)
 2 SYSTEMPATH\View\View.php(228): include('C:\\xampp\\htdocs\\88sumbangan\\app\\Views\\Sumbangan\\detail_jadwal.php')
 3 SYSTEMPATH\View\View.php(231): CodeIgniter\View\View->CodeIgniter\View\{closure}()
 4 SYSTEMPATH\Common.php(1178): CodeIgniter\View\View->render('Sumbangan/detail_jadwal', [], true)
 5 APPPATH\Views\template.php(48): view('Sumbangan/detail_jadwal')
 6 SYSTEMPATH\View\View.php(228): include('C:\\xampp\\htdocs\\88sumbangan\\app\\Views\\template.php')
 7 SYSTEMPATH\View\View.php(231): CodeIgniter\View\View->CodeIgniter\View\{closure}()
 8 SYSTEMPATH\Common.php(1178): CodeIgniter\View\View->render('template', [], true)
 9 APPPATH\Controllers\JadwalSumbangan.php(78): view('template', [...])
10 SYSTEMPATH\CodeIgniter.php(941): App\Controllers\JadwalSumbangan->detail_jadwal('1')
11 SYSTEMPATH\CodeIgniter.php(502): CodeIgniter\CodeIgniter->runController(Object(App\Controllers\JadwalSumbangan))
12 SYSTEMPATH\CodeIgniter.php(361): CodeIgniter\CodeIgniter->handleRequest(null, Object(Config\Cache), false)
13 FCPATH\index.php(79): CodeIgniter\CodeIgniter->run()
WARNING - 2026-01-18 07:07:35 --> [DEPRECATED] substr(): Passing null to parameter #1 ($string) of type string is deprecated in APPPATH\Views\Sumbangan\detail_jadwal.php on line 208.
 1 APPPATH\Views\Sumbangan\detail_jadwal.php(208): substr(null, 0, 5)
 2 SYSTEMPATH\View\View.php(228): include('C:\\xampp\\htdocs\\88sumbangan\\app\\Views\\Sumbangan\\detail_jadwal.php')
 3 SYSTEMPATH\View\View.php(231): CodeIgniter\View\View->CodeIgniter\View\{closure}()
 4 SYSTEMPATH\Common.php(1178): CodeIgniter\View\View->render('Sumbangan/detail_jadwal', [], true)
 5 APPPATH\Views\template.php(48): view('Sumbangan/detail_jadwal')
 6 SYSTEMPATH\View\View.php(228): include('C:\\xampp\\htdocs\\88sumbangan\\app\\Views\\template.php')
 7 SYSTEMPATH\View\View.php(231): CodeIgniter\View\View->CodeIgniter\View\{closure}()
 8 SYSTEMPATH\Common.php(1178): CodeIgniter\View\View->render('template', [], true)
 9 APPPATH\Controllers\JadwalSumbangan.php(78): view('template', [...])
10 SYSTEMPATH\CodeIgniter.php(941): App\Controllers\JadwalSumbangan->detail_jadwal('1')
11 SYSTEMPATH\CodeIgniter.php(502): CodeIgniter\CodeIgniter->runController(Object(App\Controllers\JadwalSumbangan))
12 SYSTEMPATH\CodeIgniter.php(361): CodeIgniter\CodeIgniter->handleRequest(null, Object(Config\Cache), false)
13 FCPATH\index.php(79): CodeIgniter\CodeIgniter->run()
WARNING - 2026-01-18 07:07:35 --> [DEPRECATED] substr(): Passing null to parameter #1 ($string) of type string is deprecated in APPPATH\Views\Sumbangan\detail_jadwal.php on line 218.
 1 APPPATH\Views\Sumbangan\detail_jadwal.php(218): substr(null, 0, 5)
 2 SYSTEMPATH\View\View.php(228): include('C:\\xampp\\htdocs\\88sumbangan\\app\\Views\\Sumbangan\\detail_jadwal.php')
 3 SYSTEMPATH\View\View.php(231): CodeIgniter\View\View->CodeIgniter\View\{closure}()
 4 SYSTEMPATH\Common.php(1178): CodeIgniter\View\View->render('Sumbangan/detail_jadwal', [], true)
 5 APPPATH\Views\template.php(48): view('Sumbangan/detail_jadwal')
 6 SYSTEMPATH\View\View.php(228): include('C:\\xampp\\htdocs\\88sumbangan\\app\\Views\\template.php')
 7 SYSTEMPATH\View\View.php(231): CodeIgniter\View\View->CodeIgniter\View\{closure}()
 8 SYSTEMPATH\Common.php(1178): CodeIgniter\View\View->render('template', [], true)
 9 APPPATH\Controllers\JadwalSumbangan.php(78): view('template', [...])
10 SYSTEMPATH\CodeIgniter.php(941): App\Controllers\JadwalSumbangan->detail_jadwal('1')
11 SYSTEMPATH\CodeIgniter.php(502): CodeIgniter\CodeIgniter->runController(Object(App\Controllers\JadwalSumbangan))
12 SYSTEMPATH\CodeIgniter.php(361): CodeIgniter\CodeIgniter->handleRequest(null, Object(Config\Cache), false)
13 FCPATH\index.php(79): CodeIgniter\CodeIgniter->run()
WARNING - 2026-01-18 07:07:35 --> [DEPRECATED] substr(): Passing null to parameter #1 ($string) of type string is deprecated in APPPATH\Views\Sumbangan\detail_jadwal.php on line 208.
 1 APPPATH\Views\Sumbangan\detail_jadwal.php(208): substr(null, 0, 5)
 2 SYSTEMPATH\View\View.php(228): include('C:\\xampp\\htdocs\\88sumbangan\\app\\Views\\Sumbangan\\detail_jadwal.php')
 3 SYSTEMPATH\View\View.php(231): CodeIgniter\View\View->CodeIgniter\View\{closure}()
 4 SYSTEMPATH\Common.php(1178): CodeIgniter\View\View->render('Sumbangan/detail_jadwal', [], true)
 5 APPPATH\Views\template.php(48): view('Sumbangan/detail_jadwal')
 6 SYSTEMPATH\View\View.php(228): include('C:\\xampp\\htdocs\\88sumbangan\\app\\Views\\template.php')
 7 SYSTEMPATH\View\View.php(231): CodeIgniter\View\View->CodeIgniter\View\{closure}()
 8 SYSTEMPATH\Common.php(1178): CodeIgniter\View\View->render('template', [], true)
 9 APPPATH\Controllers\JadwalSumbangan.php(78): view('template', [...])
10 SYSTEMPATH\CodeIgniter.php(941): App\Controllers\JadwalSumbangan->detail_jadwal('1')
11 SYSTEMPATH\CodeIgniter.php(502): CodeIgniter\CodeIgniter->runController(Object(App\Controllers\JadwalSumbangan))
12 SYSTEMPATH\CodeIgniter.php(361): CodeIgniter\CodeIgniter->handleRequest(null, Object(Config\Cache), false)
13 FCPATH\index.php(79): CodeIgniter\CodeIgniter->run()
WARNING - 2026-01-18 07:07:35 --> [DEPRECATED] substr(): Passing null to parameter #1 ($string) of type string is deprecated in APPPATH\Views\Sumbangan\detail_jadwal.php on line 218.
 1 APPPATH\Views\Sumbangan\detail_jadwal.php(218): substr(null, 0, 5)
 2 SYSTEMPATH\View\View.php(228): include('C:\\xampp\\htdocs\\88sumbangan\\app\\Views\\Sumbangan\\detail_jadwal.php')
 3 SYSTEMPATH\View\View.php(231): CodeIgniter\View\View->CodeIgniter\View\{closure}()
 4 SYSTEMPATH\Common.php(1178): CodeIgniter\View\View->render('Sumbangan/detail_jadwal', [], true)
 5 APPPATH\Views\template.php(48): view('Sumbangan/detail_jadwal')
 6 SYSTEMPATH\View\View.php(228): include('C:\\xampp\\htdocs\\88sumbangan\\app\\Views\\template.php')
 7 SYSTEMPATH\View\View.php(231): CodeIgniter\View\View->CodeIgniter\View\{closure}()
 8 SYSTEMPATH\Common.php(1178): CodeIgniter\View\View->render('template', [], true)
 9 APPPATH\Controllers\JadwalSumbangan.php(78): view('template', [...])
10 SYSTEMPATH\CodeIgniter.php(941): App\Controllers\JadwalSumbangan->detail_jadwal('1')
11 SYSTEMPATH\CodeIgniter.php(502): CodeIgniter\CodeIgniter->runController(Object(App\Controllers\JadwalSumbangan))
12 SYSTEMPATH\CodeIgniter.php(361): CodeIgniter\CodeIgniter->handleRequest(null, Object(Config\Cache), false)
13 FCPATH\index.php(79): CodeIgniter\CodeIgniter->run()
WARNING - 2026-01-18 07:07:35 --> [DEPRECATED] substr(): Passing null to parameter #1 ($string) of type string is deprecated in APPPATH\Views\Sumbangan\detail_jadwal.php on line 208.
 1 APPPATH\Views\Sumbangan\detail_jadwal.php(208): substr(null, 0, 5)
 2 SYSTEMPATH\View\View.php(228): include('C:\\xampp\\htdocs\\88sumbangan\\app\\Views\\Sumbangan\\detail_jadwal.php')
 3 SYSTEMPATH\View\View.php(231): CodeIgniter\View\View->CodeIgniter\View\{closure}()
 4 SYSTEMPATH\Common.php(1178): CodeIgniter\View\View->render('Sumbangan/detail_jadwal', [], true)
 5 APPPATH\Views\template.php(48): view('Sumbangan/detail_jadwal')
 6 SYSTEMPATH\View\View.php(228): include('C:\\xampp\\htdocs\\88sumbangan\\app\\Views\\template.php')
 7 SYSTEMPATH\View\View.php(231): CodeIgniter\View\View->CodeIgniter\View\{closure}()
 8 SYSTEMPATH\Common.php(1178): CodeIgniter\View\View->render('template', [], true)
 9 APPPATH\Controllers\JadwalSumbangan.php(78): view('template', [...])
10 SYSTEMPATH\CodeIgniter.php(941): App\Controllers\JadwalSumbangan->detail_jadwal('1')
11 SYSTEMPATH\CodeIgniter.php(502): CodeIgniter\CodeIgniter->runController(Object(App\Controllers\JadwalSumbangan))
12 SYSTEMPATH\CodeIgniter.php(361): CodeIgniter\CodeIgniter->handleRequest(null, Object(Config\Cache), false)
13 FCPATH\index.php(79): CodeIgniter\CodeIgniter->run()
WARNING - 2026-01-18 07:07:35 --> [DEPRECATED] substr(): Passing null to parameter #1 ($string) of type string is deprecated in APPPATH\Views\Sumbangan\detail_jadwal.php on line 218.
 1 APPPATH\Views\Sumbangan\detail_jadwal.php(218): substr(null, 0, 5)
 2 SYSTEMPATH\View\View.php(228): include('C:\\xampp\\htdocs\\88sumbangan\\app\\Views\\Sumbangan\\detail_jadwal.php')
 3 SYSTEMPATH\View\View.php(231): CodeIgniter\View\View->CodeIgniter\View\{closure}()
 4 SYSTEMPATH\Common.php(1178): CodeIgniter\View\View->render('Sumbangan/detail_jadwal', [], true)
 5 APPPATH\Views\template.php(48): view('Sumbangan/detail_jadwal')
 6 SYSTEMPATH\View\View.php(228): include('C:\\xampp\\htdocs\\88sumbangan\\app\\Views\\template.php')
 7 SYSTEMPATH\View\View.php(231): CodeIgniter\View\View->CodeIgniter\View\{closure}()
 8 SYSTEMPATH\Common.php(1178): CodeIgniter\View\View->render('template', [], true)
 9 APPPATH\Controllers\JadwalSumbangan.php(78): view('template', [...])
10 SYSTEMPATH\CodeIgniter.php(941): App\Controllers\JadwalSumbangan->detail_jadwal('1')
11 SYSTEMPATH\CodeIgniter.php(502): CodeIgniter\CodeIgniter->runController(Object(App\Controllers\JadwalSumbangan))
12 SYSTEMPATH\CodeIgniter.php(361): CodeIgniter\CodeIgniter->handleRequest(null, Object(Config\Cache), false)
13 FCPATH\index.php(79): CodeIgniter\CodeIgniter->run()
WARNING - 2026-01-18 07:07:35 --> [DEPRECATED] substr(): Passing null to parameter #1 ($string) of type string is deprecated in APPPATH\Views\Sumbangan\detail_jadwal.php on line 208.
 1 APPPATH\Views\Sumbangan\detail_jadwal.php(208): substr(null, 0, 5)
 2 SYSTEMPATH\View\View.php(228): include('C:\\xampp\\htdocs\\88sumbangan\\app\\Views\\Sumbangan\\detail_jadwal.php')
 3 SYSTEMPATH\View\View.php(231): CodeIgniter\View\View->CodeIgniter\View\{closure}()
 4 SYSTEMPATH\Common.php(1178): CodeIgniter\View\View->render('Sumbangan/detail_jadwal', [], true)
 5 APPPATH\Views\template.php(48): view('Sumbangan/detail_jadwal')
 6 SYSTEMPATH\View\View.php(228): include('C:\\xampp\\htdocs\\88sumbangan\\app\\Views\\template.php')
 7 SYSTEMPATH\View\View.php(231): CodeIgniter\View\View->CodeIgniter\View\{closure}()
 8 SYSTEMPATH\Common.php(1178): CodeIgniter\View\View->render('template', [], true)
 9 APPPATH\Controllers\JadwalSumbangan.php(78): view('template', [...])
10 SYSTEMPATH\CodeIgniter.php(941): App\Controllers\JadwalSumbangan->detail_jadwal('1')
11 SYSTEMPATH\CodeIgniter.php(502): CodeIgniter\CodeIgniter->runController(Object(App\Controllers\JadwalSumbangan))
12 SYSTEMPATH\CodeIgniter.php(361): CodeIgniter\CodeIgniter->handleRequest(null, Object(Config\Cache), false)
13 FCPATH\index.php(79): CodeIgniter\CodeIgniter->run()
WARNING - 2026-01-18 07:07:35 --> [DEPRECATED] substr(): Passing null to parameter #1 ($string) of type string is deprecated in APPPATH\Views\Sumbangan\detail_jadwal.php on line 218.
 1 APPPATH\Views\Sumbangan\detail_jadwal.php(218): substr(null, 0, 5)
 2 SYSTEMPATH\View\View.php(228): include('C:\\xampp\\htdocs\\88sumbangan\\app\\Views\\Sumbangan\\detail_jadwal.php')
 3 SYSTEMPATH\View\View.php(231): CodeIgniter\View\View->CodeIgniter\View\{closure}()
 4 SYSTEMPATH\Common.php(1178): CodeIgniter\View\View->render('Sumbangan/detail_jadwal', [], true)
 5 APPPATH\Views\template.php(48): view('Sumbangan/detail_jadwal')
 6 SYSTEMPATH\View\View.php(228): include('C:\\xampp\\htdocs\\88sumbangan\\app\\Views\\template.php')
 7 SYSTEMPATH\View\View.php(231): CodeIgniter\View\View->CodeIgniter\View\{closure}()
 8 SYSTEMPATH\Common.php(1178): CodeIgniter\View\View->render('template', [], true)
 9 APPPATH\Controllers\JadwalSumbangan.php(78): view('template', [...])
10 SYSTEMPATH\CodeIgniter.php(941): App\Controllers\JadwalSumbangan->detail_jadwal('1')
11 SYSTEMPATH\CodeIgniter.php(502): CodeIgniter\CodeIgniter->runController(Object(App\Controllers\JadwalSumbangan))
12 SYSTEMPATH\CodeIgniter.php(361): CodeIgniter\CodeIgniter->handleRequest(null, Object(Config\Cache), false)
13 FCPATH\index.php(79): CodeIgniter\CodeIgniter->run()
WARNING - 2026-01-18 07:07:35 --> [DEPRECATED] substr(): Passing null to parameter #1 ($string) of type string is deprecated in APPPATH\Views\Sumbangan\detail_jadwal.php on line 208.
 1 APPPATH\Views\Sumbangan\detail_jadwal.php(208): substr(null, 0, 5)
 2 SYSTEMPATH\View\View.php(228): include('C:\\xampp\\htdocs\\88sumbangan\\app\\Views\\Sumbangan\\detail_jadwal.php')
 3 SYSTEMPATH\View\View.php(231): CodeIgniter\View\View->CodeIgniter\View\{closure}()
 4 SYSTEMPATH\Common.php(1178): CodeIgniter\View\View->render('Sumbangan/detail_jadwal', [], true)
 5 APPPATH\Views\template.php(48): view('Sumbangan/detail_jadwal')
 6 SYSTEMPATH\View\View.php(228): include('C:\\xampp\\htdocs\\88sumbangan\\app\\Views\\template.php')
 7 SYSTEMPATH\View\View.php(231): CodeIgniter\View\View->CodeIgniter\View\{closure}()
 8 SYSTEMPATH\Common.php(1178): CodeIgniter\View\View->render('template', [], true)
 9 APPPATH\Controllers\JadwalSumbangan.php(78): view('template', [...])
10 SYSTEMPATH\CodeIgniter.php(941): App\Controllers\JadwalSumbangan->detail_jadwal('1')
11 SYSTEMPATH\CodeIgniter.php(502): CodeIgniter\CodeIgniter->runController(Object(App\Controllers\JadwalSumbangan))
12 SYSTEMPATH\CodeIgniter.php(361): CodeIgniter\CodeIgniter->handleRequest(null, Object(Config\Cache), false)
13 FCPATH\index.php(79): CodeIgniter\CodeIgniter->run()
WARNING - 2026-01-18 07:07:35 --> [DEPRECATED] substr(): Passing null to parameter #1 ($string) of type string is deprecated in APPPATH\Views\Sumbangan\detail_jadwal.php on line 218.
 1 APPPATH\Views\Sumbangan\detail_jadwal.php(218): substr(null, 0, 5)
 2 SYSTEMPATH\View\View.php(228): include('C:\\xampp\\htdocs\\88sumbangan\\app\\Views\\Sumbangan\\detail_jadwal.php')
 3 SYSTEMPATH\View\View.php(231): CodeIgniter\View\View->CodeIgniter\View\{closure}()
 4 SYSTEMPATH\Common.php(1178): CodeIgniter\View\View->render('Sumbangan/detail_jadwal', [], true)
 5 APPPATH\Views\template.php(48): view('Sumbangan/detail_jadwal')
 6 SYSTEMPATH\View\View.php(228): include('C:\\xampp\\htdocs\\88sumbangan\\app\\Views\\template.php')
 7 SYSTEMPATH\View\View.php(231): CodeIgniter\View\View->CodeIgniter\View\{closure}()
 8 SYSTEMPATH\Common.php(1178): CodeIgniter\View\View->render('template', [], true)
 9 APPPATH\Controllers\JadwalSumbangan.php(78): view('template', [...])
10 SYSTEMPATH\CodeIgniter.php(941): App\Controllers\JadwalSumbangan->detail_jadwal('1')
11 SYSTEMPATH\CodeIgniter.php(502): CodeIgniter\CodeIgniter->runController(Object(App\Controllers\JadwalSumbangan))
12 SYSTEMPATH\CodeIgniter.php(361): CodeIgniter\CodeIgniter->handleRequest(null, Object(Config\Cache), false)
13 FCPATH\index.php(79): CodeIgniter\CodeIgniter->run()
WARNING - 2026-01-18 07:07:35 --> [DEPRECATED] substr(): Passing null to parameter #1 ($string) of type string is deprecated in APPPATH\Views\Sumbangan\detail_jadwal.php on line 208.
 1 APPPATH\Views\Sumbangan\detail_jadwal.php(208): substr(null, 0, 5)
 2 SYSTEMPATH\View\View.php(228): include('C:\\xampp\\htdocs\\88sumbangan\\app\\Views\\Sumbangan\\detail_jadwal.php')
 3 SYSTEMPATH\View\View.php(231): CodeIgniter\View\View->CodeIgniter\View\{closure}()
 4 SYSTEMPATH\Common.php(1178): CodeIgniter\View\View->render('Sumbangan/detail_jadwal', [], true)
 5 APPPATH\Views\template.php(48): view('Sumbangan/detail_jadwal')
 6 SYSTEMPATH\View\View.php(228): include('C:\\xampp\\htdocs\\88sumbangan\\app\\Views\\template.php')
 7 SYSTEMPATH\View\View.php(231): CodeIgniter\View\View->CodeIgniter\View\{closure}()
 8 SYSTEMPATH\Common.php(1178): CodeIgniter\View\View->render('template', [], true)
 9 APPPATH\Controllers\JadwalSumbangan.php(78): view('template', [...])
10 SYSTEMPATH\CodeIgniter.php(941): App\Controllers\JadwalSumbangan->detail_jadwal('1')
11 SYSTEMPATH\CodeIgniter.php(502): CodeIgniter\CodeIgniter->runController(Object(App\Controllers\JadwalSumbangan))
12 SYSTEMPATH\CodeIgniter.php(361): CodeIgniter\CodeIgniter->handleRequest(null, Object(Config\Cache), false)
13 FCPATH\index.php(79): CodeIgniter\CodeIgniter->run()
WARNING - 2026-01-18 07:07:35 --> [DEPRECATED] substr(): Passing null to parameter #1 ($string) of type string is deprecated in APPPATH\Views\Sumbangan\detail_jadwal.php on line 218.
 1 APPPATH\Views\Sumbangan\detail_jadwal.php(218): substr(null, 0, 5)
 2 SYSTEMPATH\View\View.php(228): include('C:\\xampp\\htdocs\\88sumbangan\\app\\Views\\Sumbangan\\detail_jadwal.php')
 3 SYSTEMPATH\View\View.php(231): CodeIgniter\View\View->CodeIgniter\View\{closure}()
 4 SYSTEMPATH\Common.php(1178): CodeIgniter\View\View->render('Sumbangan/detail_jadwal', [], true)
 5 APPPATH\Views\template.php(48): view('Sumbangan/detail_jadwal')
 6 SYSTEMPATH\View\View.php(228): include('C:\\xampp\\htdocs\\88sumbangan\\app\\Views\\template.php')
 7 SYSTEMPATH\View\View.php(231): CodeIgniter\View\View->CodeIgniter\View\{closure}()
 8 SYSTEMPATH\Common.php(1178): CodeIgniter\View\View->render('template', [], true)
 9 APPPATH\Controllers\JadwalSumbangan.php(78): view('template', [...])
10 SYSTEMPATH\CodeIgniter.php(941): App\Controllers\JadwalSumbangan->detail_jadwal('1')
11 SYSTEMPATH\CodeIgniter.php(502): CodeIgniter\CodeIgniter->runController(Object(App\Controllers\JadwalSumbangan))
12 SYSTEMPATH\CodeIgniter.php(361): CodeIgniter\CodeIgniter->handleRequest(null, Object(Config\Cache), false)
13 FCPATH\index.php(79): CodeIgniter\CodeIgniter->run()
WARNING - 2026-01-18 07:07:35 --> [DEPRECATED] substr(): Passing null to parameter #1 ($string) of type string is deprecated in APPPATH\Views\Sumbangan\detail_jadwal.php on line 208.
 1 APPPATH\Views\Sumbangan\detail_jadwal.php(208): substr(null, 0, 5)
 2 SYSTEMPATH\View\View.php(228): include('C:\\xampp\\htdocs\\88sumbangan\\app\\Views\\Sumbangan\\detail_jadwal.php')
 3 SYSTEMPATH\View\View.php(231): CodeIgniter\View\View->CodeIgniter\View\{closure}()
 4 SYSTEMPATH\Common.php(1178): CodeIgniter\View\View->render('Sumbangan/detail_jadwal', [], true)
 5 APPPATH\Views\template.php(48): view('Sumbangan/detail_jadwal')
 6 SYSTEMPATH\View\View.php(228): include('C:\\xampp\\htdocs\\88sumbangan\\app\\Views\\template.php')
 7 SYSTEMPATH\View\View.php(231): CodeIgniter\View\View->CodeIgniter\View\{closure}()
 8 SYSTEMPATH\Common.php(1178): CodeIgniter\View\View->render('template', [], true)
 9 APPPATH\Controllers\JadwalSumbangan.php(78): view('template', [...])
10 SYSTEMPATH\CodeIgniter.php(941): App\Controllers\JadwalSumbangan->detail_jadwal('1')
11 SYSTEMPATH\CodeIgniter.php(502): CodeIgniter\CodeIgniter->runController(Object(App\Controllers\JadwalSumbangan))
12 SYSTEMPATH\CodeIgniter.php(361): CodeIgniter\CodeIgniter->handleRequest(null, Object(Config\Cache), false)
13 FCPATH\index.php(79): CodeIgniter\CodeIgniter->run()
WARNING - 2026-01-18 07:07:35 --> [DEPRECATED] substr(): Passing null to parameter #1 ($string) of type string is deprecated in APPPATH\Views\Sumbangan\detail_jadwal.php on line 218.
 1 APPPATH\Views\Sumbangan\detail_jadwal.php(218): substr(null, 0, 5)
 2 SYSTEMPATH\View\View.php(228): include('C:\\xampp\\htdocs\\88sumbangan\\app\\Views\\Sumbangan\\detail_jadwal.php')
 3 SYSTEMPATH\View\View.php(231): CodeIgniter\View\View->CodeIgniter\View\{closure}()
 4 SYSTEMPATH\Common.php(1178): CodeIgniter\View\View->render('Sumbangan/detail_jadwal', [], true)
 5 APPPATH\Views\template.php(48): view('Sumbangan/detail_jadwal')
 6 SYSTEMPATH\View\View.php(228): include('C:\\xampp\\htdocs\\88sumbangan\\app\\Views\\template.php')
 7 SYSTEMPATH\View\View.php(231): CodeIgniter\View\View->CodeIgniter\View\{closure}()
 8 SYSTEMPATH\Common.php(1178): CodeIgniter\View\View->render('template', [], true)
 9 APPPATH\Controllers\JadwalSumbangan.php(78): view('template', [...])
10 SYSTEMPATH\CodeIgniter.php(941): App\Controllers\JadwalSumbangan->detail_jadwal('1')
11 SYSTEMPATH\CodeIgniter.php(502): CodeIgniter\CodeIgniter->runController(Object(App\Controllers\JadwalSumbangan))
12 SYSTEMPATH\CodeIgniter.php(361): CodeIgniter\CodeIgniter->handleRequest(null, Object(Config\Cache), false)
13 FCPATH\index.php(79): CodeIgniter\CodeIgniter->run()
INFO - 2026-01-18 07:07:40 --> Session: Class initialized using 'CodeIgniter\Session\Handlers\FileHandler' driver.
INFO - 2026-01-18 07:07:49 --> Session: Class initialized using 'CodeIgniter\Session\Handlers\FileHandler' driver.
INFO - 2026-01-18 07:07:58 --> Session: Class initialized using 'CodeIgniter\Session\Handlers\FileHandler' driver.
